{
  "/Users/manisuec/work/personal/mongoose-fuzzy-searching/index.js": {
    "path": "/Users/manisuec/work/personal/mongoose-fuzzy-searching/index.js",
    "statementMap": {
      "0": { "start": { "line": 11, "column": 4 }, "end": { "line": 11, "column": 24 } },
      "1": { "start": { "line": 13, "column": 23 }, "end": { "line": 28, "column": 1 } },
      "2": { "start": { "line": 14, "column": 16 }, "end": { "line": 14, "column": 18 } },
      "3": { "start": { "line": 15, "column": 17 }, "end": { "line": 15, "column": 21 } },
      "4": { "start": { "line": 17, "column": 2 }, "end": { "line": 21, "column": 3 } },
      "5": { "start": { "line": 18, "column": 4 }, "end": { "line": 18, "column": 24 } },
      "6": { "start": { "line": 19, "column": 9 }, "end": { "line": 21, "column": 3 } },
      "7": { "start": { "line": 20, "column": 4 }, "end": { "line": 20, "column": 23 } },
      "8": { "start": { "line": 23, "column": 2 }, "end": { "line": 25, "column": 3 } },
      "9": { "start": { "line": 24, "column": 4 }, "end": { "line": 24, "column": 24 } },
      "10": { "start": { "line": 27, "column": 2 }, "end": { "line": 27, "column": 31 } },
      "11": { "start": { "line": 30, "column": 21 }, "end": { "line": 34, "column": 1 } },
      "12": { "start": { "line": 31, "column": 2 }, "end": { "line": 33, "column": 3 } },
      "13": { "start": { "line": 32, "column": 4 }, "end": { "line": 32, "column": 61 } },
      "14": { "start": { "line": 36, "column": 28 }, "end": { "line": 52, "column": 1 } },
      "15": { "start": { "line": 37, "column": 2 }, "end": { "line": 39, "column": 3 } },
      "16": { "start": { "line": 38, "column": 4 }, "end": { "line": 38, "column": 11 } },
      "17": { "start": { "line": 41, "column": 2 }, "end": { "line": 43, "column": 3 } },
      "18": { "start": { "line": 42, "column": 4 }, "end": { "line": 42, "column": 58 } },
      "19": { "start": { "line": 45, "column": 2 }, "end": { "line": 47, "column": 3 } },
      "20": { "start": { "line": 45, "column": 47 }, "end": { "line": 45, "column": 77 } },
      "21": { "start": { "line": 46, "column": 4 }, "end": { "line": 46, "column": 94 } },
      "22": { "start": { "line": 49, "column": 2 }, "end": { "line": 51, "column": 3 } },
      "23": { "start": { "line": 50, "column": 4 }, "end": { "line": 50, "column": 58 } },
      "24": { "start": { "line": 54, "column": 22 }, "end": { "line": 56, "column": 1 } },
      "25": { "start": { "line": 55, "column": 2 }, "end": { "line": 55, "column": 69 } },
      "26": { "start": { "line": 58, "column": 25 }, "end": { "line": 66, "column": 1 } },
      "27": { "start": { "line": 59, "column": 26 }, "end": { "line": 59, "column": 80 } },
      "28": { "start": { "line": 60, "column": 29 }, "end": { "line": 60, "column": 77 } },
      "29": { "start": { "line": 62, "column": 2 }, "end": { "line": 65, "column": 4 } },
      "30": { "start": { "line": 68, "column": 16 }, "end": { "line": 77, "column": 1 } },
      "31": { "start": { "line": 69, "column": 20 }, "end": { "line": 69, "column": 29 } },
      "32": { "start": { "line": 70, "column": 14 }, "end": { "line": 70, "column": 19 } },
      "33": { "start": { "line": 72, "column": 2 }, "end": { "line": 74, "column": 3 } },
      "34": { "start": { "line": 73, "column": 4 }, "end": { "line": 73, "column": 48 } },
      "35": { "start": { "line": 76, "column": 2 }, "end": { "line": 76, "column": 41 } },
      "36": { "start": { "line": 80, "column": 20 }, "end": { "line": 80, "column": 39 } },
      "37": { "start": { "line": 81, "column": 2 }, "end": { "line": 85, "column": 3 } },
      "38": { "start": { "line": 82, "column": 4 }, "end": { "line": 84, "column": 6 } },
      "39": { "start": { "line": 87, "column": 33 }, "end": { "line": 87, "column": 54 } },
      "40": { "start": { "line": 88, "column": 2 }, "end": { "line": 90, "column": 3 } },
      "41": { "start": { "line": 89, "column": 4 }, "end": { "line": 89, "column": 23 } },
      "42": { "start": { "line": 92, "column": 50 }, "end": { "line": 92, "column": 80 } },
      "43": { "start": { "line": 94, "column": 16 }, "end": { "line": 96, "column": 79 } },
      "44": { "start": { "line": 98, "column": 32 }, "end": { "line": 98, "column": 63 } },
      "45": { "start": { "line": 102, "column": 2 }, "end": { "line": 112, "column": 3 } },
      "46": { "start": { "line": 103, "column": 4 }, "end": { "line": 107, "column": 6 } },
      "47": { "start": { "line": 109, "column": 4 }, "end": { "line": 111, "column": 6 } },
      "48": { "start": { "line": 114, "column": 2 }, "end": { "line": 119, "column": 5 } },
      "49": { "start": { "line": 128, "column": 0 }, "end": { "line": 223, "column": 2 } },
      "50": { "start": { "line": 129, "column": 2 }, "end": { "line": 131, "column": 3 } },
      "51": { "start": { "line": 130, "column": 4 }, "end": { "line": 130, "column": 73 } },
      "52": { "start": { "line": 133, "column": 50 }, "end": { "line": 133, "column": 63 } },
      "53": { "start": { "line": 135, "column": 2 }, "end": { "line": 137, "column": 3 } },
      "54": { "start": { "line": 136, "column": 4 }, "end": { "line": 136, "column": 52 } },
      "55": { "start": { "line": 139, "column": 2 }, "end": { "line": 141, "column": 3 } },
      "56": { "start": { "line": 140, "column": 4 }, "end": { "line": 140, "column": 68 } },
      "57": { "start": { "line": 143, "column": 2 }, "end": { "line": 143, "column": 31 } },
      "58": { "start": { "line": 144, "column": 2 }, "end": { "line": 144, "column": 35 } },
      "59": { "start": { "line": 146, "column": 31 }, "end": { "line": 146, "column": 75 } },
      "60": { "start": { "line": 147, "column": 2 }, "end": { "line": 147, "column": 57 } },
      "61": { "start": { "line": 149, "column": 23 }, "end": { "line": 149, "column": 50 } },
      "62": { "start": { "line": 150, "column": 31 }, "end": { "line": 150, "column": 68 } },
      "63": { "start": { "line": 152, "column": 2 }, "end": { "line": 156, "column": 4 } },
      "64": { "start": { "line": 159, "column": 4 }, "end": { "line": 161, "column": 5 } },
      "65": { "start": { "line": 160, "column": 6 }, "end": { "line": 160, "column": 18 } },
      "66": { "start": { "line": 163, "column": 4 }, "end": { "line": 163, "column": 57 } },
      "67": { "start": { "line": 167, "column": 23 }, "end": { "line": 167, "column": 27 } },
      "68": { "start": { "line": 168, "column": 4 }, "end": { "line": 171, "column": 6 } },
      "69": { "start": { "line": 169, "column": 6 }, "end": { "line": 169, "column": 39 } },
      "70": { "start": { "line": 170, "column": 6 }, "end": { "line": 170, "column": 13 } },
      "71": { "start": { "line": 175, "column": 23 }, "end": { "line": 175, "column": 35 } },
      "72": { "start": { "line": 176, "column": 4 }, "end": { "line": 179, "column": 6 } },
      "73": { "start": { "line": 177, "column": 6 }, "end": { "line": 177, "column": 39 } },
      "74": { "start": { "line": 178, "column": 6 }, "end": { "line": 178, "column": 13 } },
      "75": { "start": { "line": 183, "column": 4 }, "end": { "line": 188, "column": 6 } },
      "76": { "start": { "line": 184, "column": 6 }, "end": { "line": 186, "column": 9 } },
      "77": { "start": { "line": 185, "column": 8 }, "end": { "line": 185, "column": 34 } },
      "78": { "start": { "line": 187, "column": 6 }, "end": { "line": 187, "column": 13 } },
      "79": { "start": { "line": 192, "column": 15 }, "end": { "line": 192, "column": 49 } },
      "80": { "start": { "line": 193, "column": 4 }, "end": { "line": 195, "column": 6 } },
      "81": { "start": { "line": 194, "column": 6 }, "end": { "line": 194, "column": 72 } },
      "82": { "start": { "line": 198, "column": 2 }, "end": { "line": 201, "column": 5 } },
      "83": { "start": { "line": 199, "column": 15 }, "end": { "line": 199, "column": 52 } },
      "84": { "start": { "line": 200, "column": 4 }, "end": { "line": 200, "column": 68 } },
      "85": { "start": { "line": 203, "column": 2 }, "end": { "line": 206, "column": 5 } },
      "86": { "start": { "line": 204, "column": 15 }, "end": { "line": 204, "column": 58 } },
      "87": { "start": { "line": 205, "column": 4 }, "end": { "line": 205, "column": 76 } },
      "88": { "start": { "line": 208, "column": 2 }, "end": { "line": 208, "column": 47 } },
      "89": { "start": { "line": 210, "column": 2 }, "end": { "line": 210, "column": 53 } },
      "90": { "start": { "line": 212, "column": 2 }, "end": { "line": 212, "column": 67 } },
      "91": { "start": { "line": 214, "column": 2 }, "end": { "line": 214, "column": 55 } },
      "92": { "start": { "line": 216, "column": 2 }, "end": { "line": 218, "column": 4 } },
      "93": { "start": { "line": 217, "column": 4 }, "end": { "line": 217, "column": 41 } },
      "94": { "start": { "line": 220, "column": 2 }, "end": { "line": 222, "column": 4 } },
      "95": { "start": { "line": 221, "column": 4 }, "end": { "line": 221, "column": 41 } }
    },
    "fnMap": {
      "0": {
        "name": "(anonymous_0)",
        "decl": { "start": { "line": 13, "column": 23 }, "end": { "line": 13, "column": 24 } },
        "loc": { "start": { "line": 13, "column": 41 }, "end": { "line": 28, "column": 1 } },
        "line": 13
      },
      "1": {
        "name": "(anonymous_1)",
        "decl": { "start": { "line": 30, "column": 21 }, "end": { "line": 30, "column": 22 } },
        "loc": { "start": { "line": 30, "column": 31 }, "end": { "line": 34, "column": 1 } },
        "line": 30
      },
      "2": {
        "name": "(anonymous_2)",
        "decl": { "start": { "line": 36, "column": 28 }, "end": { "line": 36, "column": 29 } },
        "loc": { "start": { "line": 36, "column": 45 }, "end": { "line": 52, "column": 1 } },
        "line": 36
      },
      "3": {
        "name": "(anonymous_3)",
        "decl": { "start": { "line": 45, "column": 38 }, "end": { "line": 45, "column": 39 } },
        "loc": { "start": { "line": 45, "column": 47 }, "end": { "line": 45, "column": 77 } },
        "line": 45
      },
      "4": {
        "name": "(anonymous_4)",
        "decl": { "start": { "line": 54, "column": 22 }, "end": { "line": 54, "column": 23 } },
        "loc": { "start": { "line": 54, "column": 45 }, "end": { "line": 56, "column": 1 } },
        "line": 54
      },
      "5": {
        "name": "(anonymous_5)",
        "decl": { "start": { "line": 58, "column": 25 }, "end": { "line": 58, "column": 26 } },
        "loc": { "start": { "line": 58, "column": 35 }, "end": { "line": 66, "column": 1 } },
        "line": 58
      },
      "6": {
        "name": "(anonymous_6)",
        "decl": { "start": { "line": 68, "column": 16 }, "end": { "line": 68, "column": 17 } },
        "loc": { "start": { "line": 68, "column": 31 }, "end": { "line": 77, "column": 1 } },
        "line": 68
      },
      "7": {
        "name": "fuzzySearch",
        "decl": { "start": { "line": 79, "column": 9 }, "end": { "line": 79, "column": 20 } },
        "loc": { "start": { "line": 79, "column": 30 }, "end": { "line": 120, "column": 1 } },
        "line": 79
      },
      "8": {
        "name": "(anonymous_8)",
        "decl": { "start": { "line": 128, "column": 17 }, "end": { "line": 128, "column": 18 } },
        "loc": { "start": { "line": 128, "column": 50 }, "end": { "line": 223, "column": 1 } },
        "line": 128
      },
      "9": {
        "name": "thenable",
        "decl": { "start": { "line": 158, "column": 11 }, "end": { "line": 158, "column": 19 } },
        "loc": { "start": { "line": 158, "column": 34 }, "end": { "line": 164, "column": 3 } },
        "line": 158
      },
      "10": {
        "name": "saveMiddleware",
        "decl": { "start": { "line": 166, "column": 11 }, "end": { "line": 166, "column": 25 } },
        "loc": { "start": { "line": 166, "column": 32 }, "end": { "line": 172, "column": 3 } },
        "line": 166
      },
      "11": {
        "name": "(anonymous_11)",
        "decl": { "start": { "line": 168, "column": 11 }, "end": { "line": 168, "column": 12 } },
        "loc": { "start": { "line": 168, "column": 23 }, "end": { "line": 171, "column": 5 } },
        "line": 168
      },
      "12": {
        "name": "updateMiddleware",
        "decl": { "start": { "line": 174, "column": 11 }, "end": { "line": 174, "column": 27 } },
        "loc": { "start": { "line": 174, "column": 34 }, "end": { "line": 180, "column": 3 } },
        "line": 174
      },
      "13": {
        "name": "(anonymous_13)",
        "decl": { "start": { "line": 176, "column": 11 }, "end": { "line": 176, "column": 12 } },
        "loc": { "start": { "line": 176, "column": 23 }, "end": { "line": 179, "column": 5 } },
        "line": 176
      },
      "14": {
        "name": "insertMany",
        "decl": { "start": { "line": 182, "column": 11 }, "end": { "line": 182, "column": 21 } },
        "loc": { "start": { "line": 182, "column": 34 }, "end": { "line": 189, "column": 3 } },
        "line": 182
      },
      "15": {
        "name": "(anonymous_15)",
        "decl": { "start": { "line": 183, "column": 11 }, "end": { "line": 183, "column": 12 } },
        "loc": { "start": { "line": 183, "column": 23 }, "end": { "line": 188, "column": 5 } },
        "line": 183
      },
      "16": {
        "name": "(anonymous_16)",
        "decl": { "start": { "line": 184, "column": 19 }, "end": { "line": 184, "column": 20 } },
        "loc": { "start": { "line": 184, "column": 28 }, "end": { "line": 186, "column": 7 } },
        "line": 184
      },
      "17": {
        "name": "preUpdate",
        "decl": { "start": { "line": 191, "column": 11 }, "end": { "line": 191, "column": 20 } },
        "loc": { "start": { "line": 191, "column": 29 }, "end": { "line": 196, "column": 3 } },
        "line": 191
      },
      "18": {
        "name": "(anonymous_18)",
        "decl": { "start": { "line": 193, "column": 11 }, "end": { "line": 193, "column": 12 } },
        "loc": { "start": { "line": 193, "column": 27 }, "end": { "line": 195, "column": 5 } },
        "line": 193
      },
      "19": {
        "name": "(anonymous_19)",
        "decl": { "start": { "line": 198, "column": 21 }, "end": { "line": 198, "column": 22 } },
        "loc": { "start": { "line": 198, "column": 37 }, "end": { "line": 201, "column": 3 } },
        "line": 198
      },
      "20": {
        "name": "(anonymous_20)",
        "decl": { "start": { "line": 203, "column": 27 }, "end": { "line": 203, "column": 28 } },
        "loc": { "start": { "line": 203, "column": 49 }, "end": { "line": 206, "column": 3 } },
        "line": 203
      },
      "21": {
        "name": "(anonymous_21)",
        "decl": { "start": { "line": 216, "column": 31 }, "end": { "line": 216, "column": 32 } },
        "loc": { "start": { "line": 216, "column": 50 }, "end": { "line": 218, "column": 3 } },
        "line": 216
      },
      "22": {
        "name": "(anonymous_22)",
        "decl": { "start": { "line": 220, "column": 29 }, "end": { "line": 220, "column": 30 } },
        "loc": { "start": { "line": 220, "column": 48 }, "end": { "line": 222, "column": 3 } },
        "line": 220
      }
    },
    "branchMap": {
      "0": {
        "loc": { "start": { "line": 17, "column": 2 }, "end": { "line": 21, "column": 3 } },
        "type": "if",
        "locations": [
          { "start": { "line": 17, "column": 2 }, "end": { "line": 21, "column": 3 } },
          { "start": { "line": 17, "column": 2 }, "end": { "line": 21, "column": 3 } }
        ],
        "line": 17
      },
      "1": {
        "loc": { "start": { "line": 17, "column": 6 }, "end": { "line": 17, "column": 38 } },
        "type": "binary-expr",
        "locations": [
          { "start": { "line": 17, "column": 6 }, "end": { "line": 17, "column": 14 } },
          { "start": { "line": 17, "column": 18 }, "end": { "line": 17, "column": 38 } }
        ],
        "line": 17
      },
      "2": {
        "loc": { "start": { "line": 19, "column": 9 }, "end": { "line": 21, "column": 3 } },
        "type": "if",
        "locations": [
          { "start": { "line": 19, "column": 9 }, "end": { "line": 21, "column": 3 } },
          { "start": { "line": 19, "column": 9 }, "end": { "line": 21, "column": 3 } }
        ],
        "line": 19
      },
      "3": {
        "loc": { "start": { "line": 19, "column": 13 }, "end": { "line": 19, "column": 43 } },
        "type": "binary-expr",
        "locations": [
          { "start": { "line": 19, "column": 13 }, "end": { "line": 19, "column": 21 } },
          { "start": { "line": 19, "column": 25 }, "end": { "line": 19, "column": 43 } }
        ],
        "line": 19
      },
      "4": {
        "loc": { "start": { "line": 23, "column": 2 }, "end": { "line": 25, "column": 3 } },
        "type": "if",
        "locations": [
          { "start": { "line": 23, "column": 2 }, "end": { "line": 25, "column": 3 } },
          { "start": { "line": 23, "column": 2 }, "end": { "line": 25, "column": 3 } }
        ],
        "line": 23
      },
      "5": {
        "loc": { "start": { "line": 23, "column": 6 }, "end": { "line": 23, "column": 46 } },
        "type": "binary-expr",
        "locations": [
          { "start": { "line": 23, "column": 6 }, "end": { "line": 23, "column": 15 } },
          { "start": { "line": 23, "column": 19 }, "end": { "line": 23, "column": 46 } }
        ],
        "line": 23
      },
      "6": {
        "loc": { "start": { "line": 31, "column": 2 }, "end": { "line": 33, "column": 3 } },
        "type": "if",
        "locations": [
          { "start": { "line": 31, "column": 2 }, "end": { "line": 33, "column": 3 } },
          { "start": { "line": 31, "column": 2 }, "end": { "line": 33, "column": 3 } }
        ],
        "line": 31
      },
      "7": {
        "loc": { "start": { "line": 31, "column": 6 }, "end": { "line": 31, "column": 86 } },
        "type": "binary-expr",
        "locations": [
          { "start": { "line": 31, "column": 6 }, "end": { "line": 31, "column": 20 } },
          { "start": { "line": 31, "column": 24 }, "end": { "line": 31, "column": 33 } },
          { "start": { "line": 31, "column": 37 }, "end": { "line": 31, "column": 62 } },
          { "start": { "line": 31, "column": 66 }, "end": { "line": 31, "column": 86 } }
        ],
        "line": 31
      },
      "8": {
        "loc": { "start": { "line": 37, "column": 2 }, "end": { "line": 39, "column": 3 } },
        "type": "if",
        "locations": [
          { "start": { "line": 37, "column": 2 }, "end": { "line": 39, "column": 3 } },
          { "start": { "line": 37, "column": 2 }, "end": { "line": 39, "column": 3 } }
        ],
        "line": 37
      },
      "9": {
        "loc": { "start": { "line": 41, "column": 2 }, "end": { "line": 43, "column": 3 } },
        "type": "if",
        "locations": [
          { "start": { "line": 41, "column": 2 }, "end": { "line": 43, "column": 3 } },
          { "start": { "line": 41, "column": 2 }, "end": { "line": 43, "column": 3 } }
        ],
        "line": 41
      },
      "10": {
        "loc": { "start": { "line": 45, "column": 2 }, "end": { "line": 47, "column": 3 } },
        "type": "if",
        "locations": [
          { "start": { "line": 45, "column": 2 }, "end": { "line": 47, "column": 3 } },
          { "start": { "line": 45, "column": 2 }, "end": { "line": 47, "column": 3 } }
        ],
        "line": 45
      },
      "11": {
        "loc": { "start": { "line": 49, "column": 2 }, "end": { "line": 51, "column": 3 } },
        "type": "if",
        "locations": [
          { "start": { "line": 49, "column": 2 }, "end": { "line": 51, "column": 3 } },
          { "start": { "line": 49, "column": 2 }, "end": { "line": 51, "column": 3 } }
        ],
        "line": 49
      },
      "12": {
        "loc": { "start": { "line": 55, "column": 9 }, "end": { "line": 55, "column": 68 } },
        "type": "cond-expr",
        "locations": [
          { "start": { "line": 55, "column": 44 }, "end": { "line": 55, "column": 61 } },
          { "start": { "line": 55, "column": 64 }, "end": { "line": 55, "column": 68 } }
        ],
        "line": 55
      },
      "13": {
        "loc": { "start": { "line": 55, "column": 9 }, "end": { "line": 55, "column": 41 } },
        "type": "binary-expr",
        "locations": [
          { "start": { "line": 55, "column": 9 }, "end": { "line": 55, "column": 20 } },
          { "start": { "line": 55, "column": 24 }, "end": { "line": 55, "column": 41 } }
        ],
        "line": 55
      },
      "14": {
        "loc": { "start": { "line": 59, "column": 26 }, "end": { "line": 59, "column": 80 } },
        "type": "cond-expr",
        "locations": [
          { "start": { "line": 59, "column": 43 }, "end": { "line": 59, "column": 58 } },
          { "start": { "line": 59, "column": 61 }, "end": { "line": 59, "column": 80 } }
        ],
        "line": 59
      },
      "15": {
        "loc": { "start": { "line": 60, "column": 29 }, "end": { "line": 60, "column": 77 } },
        "type": "cond-expr",
        "locations": [
          { "start": { "line": 60, "column": 46 }, "end": { "line": 60, "column": 58 } },
          { "start": { "line": 60, "column": 61 }, "end": { "line": 60, "column": 77 } }
        ],
        "line": 60
      },
      "16": {
        "loc": { "start": { "line": 72, "column": 2 }, "end": { "line": 74, "column": 3 } },
        "type": "if",
        "locations": [
          { "start": { "line": 72, "column": 2 }, "end": { "line": 74, "column": 3 } },
          { "start": { "line": 72, "column": 2 }, "end": { "line": 74, "column": 3 } }
        ],
        "line": 72
      },
      "17": {
        "loc": { "start": { "line": 81, "column": 2 }, "end": { "line": 85, "column": 3 } },
        "type": "if",
        "locations": [
          { "start": { "line": 81, "column": 2 }, "end": { "line": 85, "column": 3 } },
          { "start": { "line": 81, "column": 2 }, "end": { "line": 85, "column": 3 } }
        ],
        "line": 81
      },
      "18": {
        "loc": { "start": { "line": 81, "column": 6 }, "end": { "line": 81, "column": 84 } },
        "type": "binary-expr",
        "locations": [
          { "start": { "line": 81, "column": 6 }, "end": { "line": 81, "column": 28 } },
          { "start": { "line": 81, "column": 33 }, "end": { "line": 81, "column": 56 } },
          { "start": { "line": 81, "column": 60 }, "end": { "line": 81, "column": 83 } }
        ],
        "line": 81
      },
      "19": {
        "loc": { "start": { "line": 88, "column": 2 }, "end": { "line": 90, "column": 3 } },
        "type": "if",
        "locations": [
          { "start": { "line": 88, "column": 2 }, "end": { "line": 90, "column": 3 } },
          { "start": { "line": 88, "column": 2 }, "end": { "line": 90, "column": 3 } }
        ],
        "line": 88
      },
      "20": {
        "loc": { "start": { "line": 94, "column": 16 }, "end": { "line": 96, "column": 79 } },
        "type": "cond-expr",
        "locations": [
          { "start": { "line": 95, "column": 6 }, "end": { "line": 95, "column": 24 } },
          { "start": { "line": 96, "column": 6 }, "end": { "line": 96, "column": 79 } }
        ],
        "line": 94
      },
      "21": {
        "loc": { "start": { "line": 102, "column": 2 }, "end": { "line": 112, "column": 3 } },
        "type": "if",
        "locations": [
          { "start": { "line": 102, "column": 2 }, "end": { "line": 112, "column": 3 } },
          { "start": { "line": 102, "column": 2 }, "end": { "line": 112, "column": 3 } }
        ],
        "line": 102
      },
      "22": {
        "loc": { "start": { "line": 129, "column": 2 }, "end": { "line": 131, "column": 3 } },
        "type": "if",
        "locations": [
          { "start": { "line": 129, "column": 2 }, "end": { "line": 131, "column": 3 } },
          { "start": { "line": 129, "column": 2 }, "end": { "line": 131, "column": 3 } }
        ],
        "line": 129
      },
      "23": {
        "loc": { "start": { "line": 129, "column": 6 }, "end": { "line": 129, "column": 64 } },
        "type": "binary-expr",
        "locations": [
          { "start": { "line": 129, "column": 6 }, "end": { "line": 129, "column": 20 } },
          { "start": { "line": 129, "column": 25 }, "end": { "line": 129, "column": 38 } },
          { "start": { "line": 129, "column": 42 }, "end": { "line": 129, "column": 63 } }
        ],
        "line": 129
      },
      "24": {
        "loc": { "start": { "line": 135, "column": 2 }, "end": { "line": 137, "column": 3 } },
        "type": "if",
        "locations": [
          { "start": { "line": 135, "column": 2 }, "end": { "line": 137, "column": 3 } },
          { "start": { "line": 135, "column": 2 }, "end": { "line": 137, "column": 3 } }
        ],
        "line": 135
      },
      "25": {
        "loc": { "start": { "line": 139, "column": 2 }, "end": { "line": 141, "column": 3 } },
        "type": "if",
        "locations": [
          { "start": { "line": 139, "column": 2 }, "end": { "line": 141, "column": 3 } },
          { "start": { "line": 139, "column": 2 }, "end": { "line": 141, "column": 3 } }
        ],
        "line": 139
      },
      "26": {
        "loc": { "start": { "line": 139, "column": 6 }, "end": { "line": 139, "column": 74 } },
        "type": "binary-expr",
        "locations": [
          { "start": { "line": 139, "column": 6 }, "end": { "line": 139, "column": 30 } },
          { "start": { "line": 139, "column": 34 }, "end": { "line": 139, "column": 74 } }
        ],
        "line": 139
      },
      "27": {
        "loc": { "start": { "line": 159, "column": 4 }, "end": { "line": 161, "column": 5 } },
        "type": "if",
        "locations": [
          { "start": { "line": 159, "column": 4 }, "end": { "line": 161, "column": 5 } },
          { "start": { "line": 159, "column": 4 }, "end": { "line": 161, "column": 5 } }
        ],
        "line": 159
      }
    },
    "s": {
      "0": 1,
      "1": 1,
      "2": 0,
      "3": 0,
      "4": 0,
      "5": 0,
      "6": 0,
      "7": 0,
      "8": 0,
      "9": 0,
      "10": 0,
      "11": 1,
      "12": 4,
      "13": 1,
      "14": 1,
      "15": 3,
      "16": 0,
      "17": 3,
      "18": 1,
      "19": 2,
      "20": 4,
      "21": 1,
      "22": 1,
      "23": 1,
      "24": 1,
      "25": 0,
      "26": 1,
      "27": 0,
      "28": 0,
      "29": 0,
      "30": 1,
      "31": 0,
      "32": 0,
      "33": 0,
      "34": 0,
      "35": 0,
      "36": 0,
      "37": 0,
      "38": 0,
      "39": 0,
      "40": 0,
      "41": 0,
      "42": 0,
      "43": 0,
      "44": 0,
      "45": 0,
      "46": 0,
      "47": 0,
      "48": 0,
      "49": 1,
      "50": 7,
      "51": 2,
      "52": 5,
      "53": 5,
      "54": 1,
      "55": 4,
      "56": 0,
      "57": 4,
      "58": 3,
      "59": 0,
      "60": 0,
      "61": 0,
      "62": 0,
      "63": 0,
      "64": 0,
      "65": 0,
      "66": 0,
      "67": 0,
      "68": 0,
      "69": 0,
      "70": 0,
      "71": 0,
      "72": 0,
      "73": 0,
      "74": 0,
      "75": 0,
      "76": 0,
      "77": 0,
      "78": 0,
      "79": 0,
      "80": 0,
      "81": 0,
      "82": 0,
      "83": 0,
      "84": 0,
      "85": 0,
      "86": 0,
      "87": 0,
      "88": 0,
      "89": 0,
      "90": 0,
      "91": 0,
      "92": 0,
      "93": 0,
      "94": 0,
      "95": 0
    },
    "f": {
      "0": 0,
      "1": 4,
      "2": 3,
      "3": 4,
      "4": 0,
      "5": 0,
      "6": 0,
      "7": 0,
      "8": 7,
      "9": 0,
      "10": 0,
      "11": 0,
      "12": 0,
      "13": 0,
      "14": 0,
      "15": 0,
      "16": 0,
      "17": 0,
      "18": 0,
      "19": 0,
      "20": 0,
      "21": 0,
      "22": 0
    },
    "b": {
      "0": [0, 0],
      "1": [0, 0],
      "2": [0, 0],
      "3": [0, 0],
      "4": [0, 0],
      "5": [0, 0],
      "6": [1, 3],
      "7": [4, 1, 1, 1],
      "8": [0, 3],
      "9": [1, 2],
      "10": [1, 1],
      "11": [1, 0],
      "12": [0, 0],
      "13": [0, 0],
      "14": [0, 0],
      "15": [0, 0],
      "16": [0, 0],
      "17": [0, 0],
      "18": [0, 0, 0],
      "19": [0, 0],
      "20": [0, 0],
      "21": [0, 0],
      "22": [2, 5],
      "23": [7, 6, 6],
      "24": [1, 4],
      "25": [0, 4],
      "26": [4, 0],
      "27": [0, 0]
    },
    "_coverageSchema": "1a1c01bbd47fc00a2c39e90264f33305004495a9",
    "hash": "90ac56475f0650772ded8ac1271a2492692dc6c4"
  },
  "/Users/manisuec/work/personal/mongoose-fuzzy-searching/helpers/config.js": {
    "path": "/Users/manisuec/work/personal/mongoose-fuzzy-searching/helpers/config.js",
    "statementMap": {
      "0": { "start": { "line": 8, "column": 0 }, "end": { "line": 19, "column": 2 } }
    },
    "fnMap": {},
    "branchMap": {},
    "s": { "0": 1 },
    "f": {},
    "b": {},
    "_coverageSchema": "1a1c01bbd47fc00a2c39e90264f33305004495a9",
    "hash": "e2f95fcd0ab0b58405ffbc68c182a0ba32ec813f"
  },
  "/Users/manisuec/work/personal/mongoose-fuzzy-searching/helpers/index.js": {
    "path": "/Users/manisuec/work/personal/mongoose-fuzzy-searching/helpers/index.js",
    "statementMap": {
      "0": { "start": { "line": 5, "column": 4 }, "end": { "line": 5, "column": 23 } },
      "1": { "start": { "line": 7, "column": 15 }, "end": { "line": 7, "column": 34 } },
      "2": { "start": { "line": 8, "column": 27 }, "end": { "line": 8, "column": 58 } },
      "3": { "start": { "line": 9, "column": 59 }, "end": { "line": 9, "column": 77 } },
      "4": { "start": { "line": 10, "column": 23 }, "end": { "line": 10, "column": 42 } },
      "5": { "start": { "line": 16, "column": 4 }, "end": { "line": 16, "column": 26 } },
      "6": { "start": { "line": 17, "column": 59 }, "end": { "line": 17, "column": 81 } },
      "7": { "start": { "line": 19, "column": 20 }, "end": { "line": 19, "column": 57 } },
      "8": { "start": { "line": 20, "column": 15 }, "end": { "line": 20, "column": 69 } },
      "9": { "start": { "line": 22, "column": 0 }, "end": { "line": 32, "column": 2 } }
    },
    "fnMap": {},
    "branchMap": {},
    "s": { "0": 1, "1": 1, "2": 1, "3": 1, "4": 1, "5": 1, "6": 1, "7": 1, "8": 1, "9": 1 },
    "f": {},
    "b": {},
    "_coverageSchema": "1a1c01bbd47fc00a2c39e90264f33305004495a9",
    "hash": "7d638146f7db6a490d7e699291b5a9d03cea9b62"
  },
  "/Users/manisuec/work/personal/mongoose-fuzzy-searching/helpers/languageCharacters.js": {
    "path": "/Users/manisuec/work/personal/mongoose-fuzzy-searching/helpers/languageCharacters.js",
    "statementMap": {
      "0": { "start": { "line": 1, "column": 16 }, "end": { "line": 80, "column": 1 } },
      "1": { "start": { "line": 82, "column": 26 }, "end": { "line": 103, "column": 1 } },
      "2": { "start": { "line": 83, "column": 14 }, "end": { "line": 83, "column": 19 } },
      "3": { "start": { "line": 84, "column": 15 }, "end": { "line": 84, "column": 19 } },
      "4": { "start": { "line": 86, "column": 2 }, "end": { "line": 88, "column": 3 } },
      "5": { "start": { "line": 87, "column": 4 }, "end": { "line": 87, "column": 42 } },
      "6": { "start": { "line": 90, "column": 2 }, "end": { "line": 100, "column": 3 } },
      "7": { "start": { "line": 95, "column": 6 }, "end": { "line": 95, "column": 41 } },
      "8": { "start": { "line": 96, "column": 6 }, "end": { "line": 96, "column": 23 } },
      "9": { "start": { "line": 97, "column": 6 }, "end": { "line": 97, "column": 12 } },
      "10": { "start": { "line": 99, "column": 6 }, "end": { "line": 99, "column": 12 } },
      "11": { "start": { "line": 102, "column": 2 }, "end": { "line": 102, "column": 50 } },
      "12": { "start": { "line": 105, "column": 0 }, "end": { "line": 131, "column": 2 } },
      "13": { "start": { "line": 106, "column": 2 }, "end": { "line": 108, "column": 3 } },
      "14": { "start": { "line": 107, "column": 4 }, "end": { "line": 107, "column": 14 } },
      "15": { "start": { "line": 110, "column": 16 }, "end": { "line": 110, "column": 18 } },
      "16": { "start": { "line": 111, "column": 14 }, "end": { "line": 111, "column": 15 } },
      "17": { "start": { "line": 113, "column": 2 }, "end": { "line": 113, "column": 28 } },
      "18": { "start": { "line": 114, "column": 2 }, "end": { "line": 128, "column": 3 } },
      "19": { "start": { "line": 115, "column": 15 }, "end": { "line": 115, "column": 26 } },
      "20": { "start": { "line": 116, "column": 19 }, "end": { "line": 116, "column": 34 } },
      "21": { "start": { "line": 117, "column": 16 }, "end": { "line": 117, "column": 21 } },
      "22": { "start": { "line": 119, "column": 4 }, "end": { "line": 125, "column": 5 } },
      "23": { "start": { "line": 120, "column": 6 }, "end": { "line": 120, "column": 20 } },
      "24": { "start": { "line": 122, "column": 32 }, "end": { "line": 122, "column": 61 } },
      "25": { "start": { "line": 123, "column": 6 }, "end": { "line": 123, "column": 24 } },
      "26": { "start": { "line": 124, "column": 6 }, "end": { "line": 124, "column": 20 } },
      "27": { "start": { "line": 127, "column": 4 }, "end": { "line": 127, "column": 42 } },
      "28": { "start": { "line": 130, "column": 2 }, "end": { "line": 130, "column": 17 } }
    },
    "fnMap": {
      "0": {
        "name": "(anonymous_0)",
        "decl": { "start": { "line": 82, "column": 26 }, "end": { "line": 82, "column": 27 } },
        "loc": { "start": { "line": 82, "column": 42 }, "end": { "line": 103, "column": 1 } },
        "line": 82
      },
      "1": {
        "name": "(anonymous_1)",
        "decl": { "start": { "line": 105, "column": 17 }, "end": { "line": 105, "column": 18 } },
        "loc": { "start": { "line": 105, "column": 27 }, "end": { "line": 131, "column": 1 } },
        "line": 105
      }
    },
    "branchMap": {
      "0": {
        "loc": { "start": { "line": 86, "column": 2 }, "end": { "line": 88, "column": 3 } },
        "type": "if",
        "locations": [
          { "start": { "line": 86, "column": 2 }, "end": { "line": 88, "column": 3 } },
          { "start": { "line": 86, "column": 2 }, "end": { "line": 88, "column": 3 } }
        ],
        "line": 86
      },
      "1": {
        "loc": { "start": { "line": 90, "column": 2 }, "end": { "line": 100, "column": 3 } },
        "type": "switch",
        "locations": [
          { "start": { "line": 91, "column": 4 }, "end": { "line": 91, "column": 13 } },
          { "start": { "line": 92, "column": 4 }, "end": { "line": 92, "column": 13 } },
          { "start": { "line": 93, "column": 4 }, "end": { "line": 93, "column": 13 } },
          { "start": { "line": 94, "column": 4 }, "end": { "line": 97, "column": 12 } },
          { "start": { "line": 98, "column": 4 }, "end": { "line": 99, "column": 12 } }
        ],
        "line": 90
      },
      "2": {
        "loc": { "start": { "line": 102, "column": 19 }, "end": { "line": 102, "column": 40 } },
        "type": "binary-expr",
        "locations": [
          { "start": { "line": 102, "column": 19 }, "end": { "line": 102, "column": 25 } },
          { "start": { "line": 102, "column": 29 }, "end": { "line": 102, "column": 40 } }
        ],
        "line": 102
      },
      "3": {
        "loc": { "start": { "line": 106, "column": 2 }, "end": { "line": 108, "column": 3 } },
        "type": "if",
        "locations": [
          { "start": { "line": 106, "column": 2 }, "end": { "line": 108, "column": 3 } },
          { "start": { "line": 106, "column": 2 }, "end": { "line": 108, "column": 3 } }
        ],
        "line": 106
      },
      "4": {
        "loc": { "start": { "line": 119, "column": 4 }, "end": { "line": 125, "column": 5 } },
        "type": "if",
        "locations": [
          { "start": { "line": 119, "column": 4 }, "end": { "line": 125, "column": 5 } },
          { "start": { "line": 119, "column": 4 }, "end": { "line": 125, "column": 5 } }
        ],
        "line": 119
      },
      "5": {
        "loc": { "start": { "line": 127, "column": 12 }, "end": { "line": 127, "column": 41 } },
        "type": "cond-expr",
        "locations": [
          { "start": { "line": 127, "column": 20 }, "end": { "line": 127, "column": 29 } },
          { "start": { "line": 127, "column": 32 }, "end": { "line": 127, "column": 41 } }
        ],
        "line": 127
      }
    },
    "s": {
      "0": 2,
      "1": 2,
      "2": 23,
      "3": 23,
      "4": 23,
      "5": 3,
      "6": 20,
      "7": 6,
      "8": 6,
      "9": 6,
      "10": 14,
      "11": 20,
      "12": 2,
      "13": 7,
      "14": 2,
      "15": 5,
      "16": 5,
      "17": 5,
      "18": 5,
      "19": 42,
      "20": 42,
      "21": 42,
      "22": 42,
      "23": 19,
      "24": 23,
      "25": 23,
      "26": 23,
      "27": 42,
      "28": 5
    },
    "f": { "0": 23, "1": 7 },
    "b": {
      "0": [3, 20],
      "1": [3, 4, 4, 6, 14],
      "2": [20, 19],
      "3": [2, 5],
      "4": [19, 23],
      "5": [1, 41]
    },
    "_coverageSchema": "1a1c01bbd47fc00a2c39e90264f33305004495a9",
    "hash": "e21da8332b7367b663c1fcdb7d37ff4e4e4685d5"
  },
  "/Users/manisuec/work/personal/mongoose-fuzzy-searching/helpers/ngrams.js": {
    "path": "/Users/manisuec/work/personal/mongoose-fuzzy-searching/helpers/ngrams.js",
    "statementMap": {
      "0": { "start": { "line": 1, "column": 23 }, "end": { "line": 7, "column": 1 } },
      "1": { "start": { "line": 2, "column": 2 }, "end": { "line": 4, "column": 3 } },
      "2": { "start": { "line": 3, "column": 4 }, "end": { "line": 3, "column": 40 } },
      "3": { "start": { "line": 6, "column": 2 }, "end": { "line": 6, "column": 13 } },
      "4": { "start": { "line": 16, "column": 15 }, "end": { "line": 58, "column": 1 } },
      "5": { "start": { "line": 16, "column": 30 }, "end": { "line": 58, "column": 1 } },
      "6": { "start": { "line": 17, "column": 2 }, "end": { "line": 19, "column": 3 } },
      "7": { "start": { "line": 18, "column": 4 }, "end": { "line": 18, "column": 41 } },
      "8": { "start": { "line": 21, "column": 14 }, "end": { "line": 21, "column": 23 } },
      "9": { "start": { "line": 24, "column": 2 }, "end": { "line": 26, "column": 3 } },
      "10": { "start": { "line": 25, "column": 4 }, "end": { "line": 25, "column": 55 } },
      "11": { "start": { "line": 28, "column": 2 }, "end": { "line": 30, "column": 3 } },
      "12": { "start": { "line": 29, "column": 4 }, "end": { "line": 29, "column": 14 } },
      "13": { "start": { "line": 32, "column": 2 }, "end": { "line": 32, "column": 56 } },
      "14": { "start": { "line": 33, "column": 2 }, "end": { "line": 33, "column": 53 } },
      "15": { "start": { "line": 35, "column": 2 }, "end": { "line": 37, "column": 3 } },
      "16": { "start": { "line": 36, "column": 4 }, "end": { "line": 36, "column": 18 } },
      "17": { "start": { "line": 39, "column": 2 }, "end": { "line": 46, "column": 3 } },
      "18": { "start": { "line": 40, "column": 4 }, "end": { "line": 43, "column": 5 } },
      "19": { "start": { "line": 41, "column": 6 }, "end": { "line": 41, "column": 50 } },
      "20": { "start": { "line": 42, "column": 6 }, "end": { "line": 42, "column": 16 } },
      "21": { "start": { "line": 45, "column": 4 }, "end": { "line": 45, "column": 27 } },
      "22": { "start": { "line": 48, "column": 2 }, "end": { "line": 55, "column": 3 } },
      "23": { "start": { "line": 49, "column": 4 }, "end": { "line": 54, "column": 5 } },
      "24": { "start": { "line": 50, "column": 6 }, "end": { "line": 50, "column": 52 } },
      "25": { "start": { "line": 52, "column": 6 }, "end": { "line": 52, "column": 16 } },
      "26": { "start": { "line": 53, "column": 6 }, "end": { "line": 53, "column": 40 } },
      "27": { "start": { "line": 57, "column": 2 }, "end": { "line": 57, "column": 25 } },
      "28": { "start": { "line": 68, "column": 19 }, "end": { "line": 91, "column": 1 } },
      "29": { "start": { "line": 68, "column": 50 }, "end": { "line": 91, "column": 1 } },
      "30": { "start": { "line": 74, "column": 2 }, "end": { "line": 76, "column": 3 } },
      "31": { "start": { "line": 75, "column": 4 }, "end": { "line": 75, "column": 14 } },
      "32": { "start": { "line": 78, "column": 22 }, "end": { "line": 78, "column": 46 } },
      "33": { "start": { "line": 80, "column": 17 }, "end": { "line": 89, "column": 46 } },
      "34": { "start": { "line": 83, "column": 6 }, "end": { "line": 87, "column": 7 } },
      "35": { "start": { "line": 89, "column": 26 }, "end": { "line": 89, "column": 41 } },
      "36": { "start": { "line": 90, "column": 2 }, "end": { "line": 90, "column": 59 } },
      "37": { "start": { "line": 93, "column": 0 }, "end": { "line": 93, "column": 40 } }
    },
    "fnMap": {
      "0": {
        "name": "(anonymous_0)",
        "decl": { "start": { "line": 1, "column": 23 }, "end": { "line": 1, "column": 24 } },
        "loc": { "start": { "line": 1, "column": 38 }, "end": { "line": 7, "column": 1 } },
        "line": 1
      },
      "1": {
        "name": "(anonymous_1)",
        "decl": { "start": { "line": 16, "column": 15 }, "end": { "line": 16, "column": 16 } },
        "loc": { "start": { "line": 16, "column": 30 }, "end": { "line": 58, "column": 1 } },
        "line": 16
      },
      "2": {
        "name": "(anonymous_2)",
        "decl": { "start": { "line": 16, "column": 30 }, "end": { "line": 16, "column": 31 } },
        "loc": { "start": { "line": 16, "column": 61 }, "end": { "line": 58, "column": 1 } },
        "line": 16
      },
      "3": {
        "name": "(anonymous_3)",
        "decl": { "start": { "line": 68, "column": 19 }, "end": { "line": 68, "column": 20 } },
        "loc": { "start": { "line": 68, "column": 50 }, "end": { "line": 91, "column": 1 } },
        "line": 68
      },
      "4": {
        "name": "(anonymous_4)",
        "decl": { "start": { "line": 68, "column": 50 }, "end": { "line": 68, "column": 51 } },
        "loc": { "start": { "line": 73, "column": 5 }, "end": { "line": 91, "column": 1 } },
        "line": 73
      },
      "5": {
        "name": "(anonymous_5)",
        "decl": { "start": { "line": 82, "column": 9 }, "end": { "line": 82, "column": 10 } },
        "loc": { "start": { "line": 83, "column": 6 }, "end": { "line": 87, "column": 7 } },
        "line": 83
      },
      "6": {
        "name": "(anonymous_6)",
        "decl": { "start": { "line": 89, "column": 12 }, "end": { "line": 89, "column": 13 } },
        "loc": { "start": { "line": 89, "column": 26 }, "end": { "line": 89, "column": 41 } },
        "line": 89
      }
    },
    "branchMap": {
      "0": {
        "loc": { "start": { "line": 2, "column": 2 }, "end": { "line": 4, "column": 3 } },
        "type": "if",
        "locations": [
          { "start": { "line": 2, "column": 2 }, "end": { "line": 4, "column": 3 } },
          { "start": { "line": 2, "column": 2 }, "end": { "line": 4, "column": 3 } }
        ],
        "line": 2
      },
      "1": {
        "loc": { "start": { "line": 17, "column": 2 }, "end": { "line": 19, "column": 3 } },
        "type": "if",
        "locations": [
          { "start": { "line": 17, "column": 2 }, "end": { "line": 19, "column": 3 } },
          { "start": { "line": 17, "column": 2 }, "end": { "line": 19, "column": 3 } }
        ],
        "line": 17
      },
      "2": {
        "loc": { "start": { "line": 24, "column": 2 }, "end": { "line": 26, "column": 3 } },
        "type": "if",
        "locations": [
          { "start": { "line": 24, "column": 2 }, "end": { "line": 26, "column": 3 } },
          { "start": { "line": 24, "column": 2 }, "end": { "line": 26, "column": 3 } }
        ],
        "line": 24
      },
      "3": {
        "loc": { "start": { "line": 28, "column": 2 }, "end": { "line": 30, "column": 3 } },
        "type": "if",
        "locations": [
          { "start": { "line": 28, "column": 2 }, "end": { "line": 30, "column": 3 } },
          { "start": { "line": 28, "column": 2 }, "end": { "line": 30, "column": 3 } }
        ],
        "line": 28
      },
      "4": {
        "loc": { "start": { "line": 32, "column": 9 }, "end": { "line": 32, "column": 55 } },
        "type": "cond-expr",
        "locations": [
          { "start": { "line": 32, "column": 22 }, "end": { "line": 32, "column": 40 } },
          { "start": { "line": 32, "column": 43 }, "end": { "line": 32, "column": 55 } }
        ],
        "line": 32
      },
      "5": {
        "loc": { "start": { "line": 33, "column": 10 }, "end": { "line": 33, "column": 52 } },
        "type": "cond-expr",
        "locations": [
          { "start": { "line": 33, "column": 23 }, "end": { "line": 33, "column": 24 } },
          { "start": { "line": 33, "column": 27 }, "end": { "line": 33, "column": 52 } }
        ],
        "line": 33
      },
      "6": {
        "loc": { "start": { "line": 35, "column": 2 }, "end": { "line": 37, "column": 3 } },
        "type": "if",
        "locations": [
          { "start": { "line": 35, "column": 2 }, "end": { "line": 37, "column": 3 } },
          { "start": { "line": 35, "column": 2 }, "end": { "line": 37, "column": 3 } }
        ],
        "line": 35
      },
      "7": {
        "loc": { "start": { "line": 39, "column": 2 }, "end": { "line": 46, "column": 3 } },
        "type": "if",
        "locations": [
          { "start": { "line": 39, "column": 2 }, "end": { "line": 46, "column": 3 } },
          { "start": { "line": 39, "column": 2 }, "end": { "line": 46, "column": 3 } }
        ],
        "line": 39
      },
      "8": {
        "loc": { "start": { "line": 49, "column": 4 }, "end": { "line": 54, "column": 5 } },
        "type": "if",
        "locations": [
          { "start": { "line": 49, "column": 4 }, "end": { "line": 54, "column": 5 } },
          { "start": { "line": 49, "column": 4 }, "end": { "line": 54, "column": 5 } }
        ],
        "line": 49
      },
      "9": {
        "loc": { "start": { "line": 74, "column": 2 }, "end": { "line": 76, "column": 3 } },
        "type": "if",
        "locations": [
          { "start": { "line": 74, "column": 2 }, "end": { "line": 76, "column": 3 } },
          { "start": { "line": 74, "column": 2 }, "end": { "line": 76, "column": 3 } }
        ],
        "line": 74
      },
      "10": {
        "loc": { "start": { "line": 85, "column": 8 }, "end": { "line": 85, "column": 45 } },
        "type": "binary-expr",
        "locations": [
          { "start": { "line": 85, "column": 8 }, "end": { "line": 85, "column": 15 } },
          { "start": { "line": 85, "column": 19 }, "end": { "line": 85, "column": 45 } }
        ],
        "line": 85
      },
      "11": {
        "loc": { "start": { "line": 86, "column": 8 }, "end": { "line": 86, "column": 51 } },
        "type": "binary-expr",
        "locations": [
          { "start": { "line": 86, "column": 8 }, "end": { "line": 86, "column": 18 } },
          { "start": { "line": 86, "column": 22 }, "end": { "line": 86, "column": 51 } }
        ],
        "line": 86
      }
    },
    "s": {
      "0": 2,
      "1": 3,
      "2": 3,
      "3": 0,
      "4": 2,
      "5": 14,
      "6": 14,
      "7": 4,
      "8": 14,
      "9": 14,
      "10": 2,
      "11": 12,
      "12": 1,
      "13": 11,
      "14": 11,
      "15": 11,
      "16": 4,
      "17": 7,
      "18": 1,
      "19": 3,
      "20": 3,
      "21": 1,
      "22": 6,
      "23": 36,
      "24": 18,
      "25": 18,
      "26": 18,
      "27": 6,
      "28": 2,
      "29": 5,
      "30": 4,
      "31": 1,
      "32": 3,
      "33": 3,
      "34": 6,
      "35": 6,
      "36": 3,
      "37": 2
    },
    "f": { "0": 3, "1": 14, "2": 14, "3": 5, "4": 4, "5": 6, "6": 6 },
    "b": {
      "0": [3, 0],
      "1": [4, 10],
      "2": [2, 12],
      "3": [1, 11],
      "4": [10, 1],
      "5": [1, 10],
      "6": [4, 7],
      "7": [1, 6],
      "8": [18, 18],
      "9": [1, 3],
      "10": [6, 2],
      "11": [6, 6]
    },
    "_coverageSchema": "1a1c01bbd47fc00a2c39e90264f33305004495a9",
    "hash": "d42ac1affd8f9e66f55030dd3135dfc234374ddb"
  },
  "/Users/manisuec/work/personal/mongoose-fuzzy-searching/helpers/utils.js": {
    "path": "/Users/manisuec/work/personal/mongoose-fuzzy-searching/helpers/utils.js",
    "statementMap": {
      "0": { "start": { "line": 7, "column": 23 }, "end": { "line": 16, "column": 1 } },
      "1": { "start": { "line": 7, "column": 54 }, "end": { "line": 16, "column": 1 } },
      "2": { "start": { "line": 8, "column": 2 }, "end": { "line": 8, "column": 28 } },
      "3": { "start": { "line": 9, "column": 2 }, "end": { "line": 11, "column": 3 } },
      "4": { "start": { "line": 10, "column": 4 }, "end": { "line": 10, "column": 67 } },
      "5": { "start": { "line": 12, "column": 2 }, "end": { "line": 12, "column": 33 } },
      "6": { "start": { "line": 13, "column": 2 }, "end": { "line": 13, "column": 41 } },
      "7": { "start": { "line": 15, "column": 2 }, "end": { "line": 15, "column": 14 } },
      "8": { "start": { "line": 23, "column": 17 }, "end": { "line": 23, "column": 92 } },
      "9": { "start": { "line": 23, "column": 26 }, "end": { "line": 23, "column": 92 } },
      "10": { "start": { "line": 30, "column": 19 }, "end": { "line": 30, "column": 89 } },
      "11": { "start": { "line": 30, "column": 27 }, "end": { "line": 30, "column": 89 } },
      "12": { "start": { "line": 32, "column": 17 }, "end": { "line": 32, "column": 80 } },
      "13": { "start": { "line": 32, "column": 28 }, "end": { "line": 32, "column": 80 } },
      "14": { "start": { "line": 34, "column": 0 }, "end": { "line": 39, "column": 2 } }
    },
    "fnMap": {
      "0": {
        "name": "(anonymous_0)",
        "decl": { "start": { "line": 7, "column": 23 }, "end": { "line": 7, "column": 24 } },
        "loc": { "start": { "line": 7, "column": 54 }, "end": { "line": 16, "column": 1 } },
        "line": 7
      },
      "1": {
        "name": "(anonymous_1)",
        "decl": { "start": { "line": 7, "column": 54 }, "end": { "line": 7, "column": 55 } },
        "loc": { "start": { "line": 7, "column": 89 }, "end": { "line": 16, "column": 1 } },
        "line": 7
      },
      "2": {
        "name": "(anonymous_2)",
        "decl": { "start": { "line": 23, "column": 17 }, "end": { "line": 23, "column": 18 } },
        "loc": { "start": { "line": 23, "column": 26 }, "end": { "line": 23, "column": 92 } },
        "line": 23
      },
      "3": {
        "name": "(anonymous_3)",
        "decl": { "start": { "line": 30, "column": 19 }, "end": { "line": 30, "column": 20 } },
        "loc": { "start": { "line": 30, "column": 27 }, "end": { "line": 30, "column": 89 } },
        "line": 30
      },
      "4": {
        "name": "(anonymous_4)",
        "decl": { "start": { "line": 32, "column": 17 }, "end": { "line": 32, "column": 18 } },
        "loc": { "start": { "line": 32, "column": 28 }, "end": { "line": 32, "column": 80 } },
        "line": 32
      }
    },
    "branchMap": {
      "0": {
        "loc": { "start": { "line": 9, "column": 2 }, "end": { "line": 11, "column": 3 } },
        "type": "if",
        "locations": [
          { "start": { "line": 9, "column": 2 }, "end": { "line": 11, "column": 3 } },
          { "start": { "line": 9, "column": 2 }, "end": { "line": 11, "column": 3 } }
        ],
        "line": 9
      },
      "1": {
        "loc": { "start": { "line": 23, "column": 26 }, "end": { "line": 23, "column": 92 } },
        "type": "binary-expr",
        "locations": [
          { "start": { "line": 23, "column": 26 }, "end": { "line": 23, "column": 31 } },
          { "start": { "line": 23, "column": 35 }, "end": { "line": 23, "column": 61 } },
          { "start": { "line": 23, "column": 65 }, "end": { "line": 23, "column": 92 } }
        ],
        "line": 23
      },
      "2": {
        "loc": { "start": { "line": 30, "column": 30 }, "end": { "line": 30, "column": 88 } },
        "type": "binary-expr",
        "locations": [
          { "start": { "line": 30, "column": 30 }, "end": { "line": 30, "column": 32 } },
          { "start": { "line": 30, "column": 37 }, "end": { "line": 30, "column": 61 } },
          { "start": { "line": 30, "column": 65 }, "end": { "line": 30, "column": 87 } }
        ],
        "line": 30
      },
      "3": {
        "loc": { "start": { "line": 32, "column": 28 }, "end": { "line": 32, "column": 80 } },
        "type": "binary-expr",
        "locations": [
          { "start": { "line": 32, "column": 28 }, "end": { "line": 32, "column": 53 } },
          { "start": { "line": 32, "column": 57 }, "end": { "line": 32, "column": 80 } }
        ],
        "line": 32
      }
    },
    "s": {
      "0": 2,
      "1": 4,
      "2": 3,
      "3": 3,
      "4": 1,
      "5": 3,
      "6": 3,
      "7": 3,
      "8": 2,
      "9": 16,
      "10": 2,
      "11": 7,
      "12": 2,
      "13": 6,
      "14": 2
    },
    "f": { "0": 4, "1": 3, "2": 16, "3": 7, "4": 6 },
    "b": { "0": [1, 2], "1": [16, 11, 5], "2": [7, 5, 3], "3": [6, 5] },
    "_coverageSchema": "1a1c01bbd47fc00a2c39e90264f33305004495a9",
    "hash": "eea24af98ef6b1114a9c19d21367aa0d12150546"
  },
  "/Users/manisuec/work/personal/mongoose-fuzzy-searching/helpers/db/fields.js": {
    "path": "/Users/manisuec/work/personal/mongoose-fuzzy-searching/helpers/db/fields.js",
    "statementMap": {
      "0": { "start": { "line": 3, "column": 4 }, "end": { "line": 3, "column": 22 } },
      "1": { "start": { "line": 4, "column": 4 }, "end": { "line": 4, "column": 22 } },
      "2": { "start": { "line": 5, "column": 4 }, "end": { "line": 5, "column": 25 } },
      "3": { "start": { "line": 6, "column": 4 }, "end": { "line": 6, "column": 21 } },
      "4": { "start": { "line": 7, "column": 4 }, "end": { "line": 7, "column": 35 } },
      "5": { "start": { "line": 8, "column": 4 }, "end": { "line": 8, "column": 45 } },
      "6": { "start": { "line": 9, "column": 4 }, "end": { "line": 9, "column": 41 } },
      "7": { "start": { "line": 13, "column": 4 }, "end": { "line": 13, "column": 44 } },
      "8": { "start": { "line": 14, "column": 4 }, "end": { "line": 14, "column": 43 } },
      "9": { "start": { "line": 18, "column": 4 }, "end": { "line": 18, "column": 49 } },
      "10": { "start": { "line": 19, "column": 4 }, "end": { "line": 19, "column": 48 } },
      "11": { "start": { "line": 20, "column": 4 }, "end": { "line": 22, "column": 5 } },
      "12": { "start": { "line": 21, "column": 6 }, "end": { "line": 21, "column": 55 } },
      "13": { "start": { "line": 26, "column": 4 }, "end": { "line": 28, "column": 7 } },
      "14": { "start": { "line": 27, "column": 6 }, "end": { "line": 27, "column": 63 } },
      "15": { "start": { "line": 29, "column": 4 }, "end": { "line": 29, "column": 65 } },
      "16": { "start": { "line": 35, "column": 4 }, "end": { "line": 35, "column": 25 } },
      "17": { "start": { "line": 39, "column": 4 }, "end": { "line": 39, "column": 40 } },
      "18": { "start": { "line": 43, "column": 4 }, "end": { "line": 43, "column": 45 } },
      "19": { "start": { "line": 47, "column": 4 }, "end": { "line": 47, "column": 45 } },
      "20": { "start": { "line": 53, "column": 4 }, "end": { "line": 53, "column": 33 } },
      "21": { "start": { "line": 54, "column": 4 }, "end": { "line": 54, "column": 33 } },
      "22": { "start": { "line": 58, "column": 16 }, "end": { "line": 58, "column": 37 } },
      "23": { "start": { "line": 59, "column": 4 }, "end": { "line": 65, "column": 5 } },
      "24": { "start": { "line": 60, "column": 6 }, "end": { "line": 62, "column": 7 } },
      "25": { "start": { "line": 61, "column": 8 }, "end": { "line": 61, "column": 32 } },
      "26": { "start": { "line": 64, "column": 6 }, "end": { "line": 64, "column": 64 } },
      "27": { "start": { "line": 69, "column": 16 }, "end": { "line": 69, "column": 47 } },
      "28": { "start": { "line": 70, "column": 4 }, "end": { "line": 83, "column": 5 } },
      "29": { "start": { "line": 71, "column": 38 }, "end": { "line": 71, "column": 76 } },
      "30": { "start": { "line": 73, "column": 6 }, "end": { "line": 75, "column": 7 } },
      "31": { "start": { "line": 74, "column": 8 }, "end": { "line": 74, "column": 32 } },
      "32": { "start": { "line": 77, "column": 6 }, "end": { "line": 82, "column": 8 } },
      "33": { "start": { "line": 87, "column": 4 }, "end": { "line": 112, "column": 5 } },
      "34": { "start": { "line": 88, "column": 38 }, "end": { "line": 88, "column": 76 } },
      "35": { "start": { "line": 89, "column": 20 }, "end": { "line": 89, "column": 22 } },
      "36": { "start": { "line": 90, "column": 16 }, "end": { "line": 90, "column": 18 } },
      "37": { "start": { "line": 92, "column": 17 }, "end": { "line": 92, "column": 43 } },
      "38": { "start": { "line": 93, "column": 6 }, "end": { "line": 95, "column": 7 } },
      "39": { "start": { "line": 94, "column": 8 }, "end": { "line": 94, "column": 22 } },
      "40": { "start": { "line": 97, "column": 6 }, "end": { "line": 110, "column": 9 } },
      "41": { "start": { "line": 98, "column": 8 }, "end": { "line": 108, "column": 11 } },
      "42": { "start": { "line": 99, "column": 10 }, "end": { "line": 107, "column": 12 } },
      "43": { "start": { "line": 109, "column": 8 }, "end": { "line": 109, "column": 24 } },
      "44": { "start": { "line": 111, "column": 6 }, "end": { "line": 111, "column": 52 } },
      "45": { "start": { "line": 116, "column": 26 }, "end": { "line": 132, "column": 1 } },
      "46": { "start": { "line": 116, "column": 50 }, "end": { "line": 132, "column": 1 } },
      "47": { "start": { "line": 116, "column": 59 }, "end": { "line": 132, "column": 1 } },
      "48": { "start": { "line": 117, "column": 2 }, "end": { "line": 120, "column": 3 } },
      "49": { "start": { "line": 118, "column": 4 }, "end": { "line": 118, "column": 25 } },
      "50": { "start": { "line": 119, "column": 4 }, "end": { "line": 119, "column": 11 } },
      "51": { "start": { "line": 122, "column": 2 }, "end": { "line": 124, "column": 3 } },
      "52": { "start": { "line": 123, "column": 4 }, "end": { "line": 123, "column": 66 } },
      "53": { "start": { "line": 126, "column": 2 }, "end": { "line": 129, "column": 3 } },
      "54": { "start": { "line": 127, "column": 4 }, "end": { "line": 127, "column": 29 } },
      "55": { "start": { "line": 128, "column": 4 }, "end": { "line": 128, "column": 11 } },
      "56": { "start": { "line": 131, "column": 2 }, "end": { "line": 131, "column": 23 } },
      "57": { "start": { "line": 139, "column": 21 }, "end": { "line": 152, "column": 1 } },
      "58": { "start": { "line": 139, "column": 80 }, "end": { "line": 152, "column": 1 } },
      "59": { "start": { "line": 144, "column": 17 }, "end": { "line": 144, "column": 93 } },
      "60": { "start": { "line": 145, "column": 2 }, "end": { "line": 145, "column": 38 } },
      "61": { "start": { "line": 147, "column": 2 }, "end": { "line": 149, "column": 3 } },
      "62": { "start": { "line": 148, "column": 4 }, "end": { "line": 148, "column": 67 } },
      "63": { "start": { "line": 151, "column": 2 }, "end": { "line": 151, "column": 62 } },
      "64": { "start": { "line": 158, "column": 28 }, "end": { "line": 162, "column": 1 } },
      "65": { "start": { "line": 158, "column": 45 }, "end": { "line": 162, "column": 1 } },
      "66": { "start": { "line": 158, "column": 57 }, "end": { "line": 162, "column": 1 } },
      "67": { "start": { "line": 159, "column": 17 }, "end": { "line": 159, "column": 32 } },
      "68": { "start": { "line": 160, "column": 2 }, "end": { "line": 160, "column": 38 } },
      "69": { "start": { "line": 161, "column": 2 }, "end": { "line": 161, "column": 23 } },
      "70": { "start": { "line": 169, "column": 21 }, "end": { "line": 175, "column": 1 } },
      "71": { "start": { "line": 169, "column": 50 }, "end": { "line": 175, "column": 1 } },
      "72": { "start": { "line": 170, "column": 2 }, "end": { "line": 172, "column": 3 } },
      "73": { "start": { "line": 171, "column": 4 }, "end": { "line": 171, "column": 11 } },
      "74": { "start": { "line": 173, "column": 19 }, "end": { "line": 173, "column": 55 } },
      "75": { "start": { "line": 174, "column": 2 }, "end": { "line": 174, "column": 40 } },
      "76": { "start": { "line": 177, "column": 0 }, "end": { "line": 182, "column": 2 } }
    },
    "fnMap": {
      "0": {
        "name": "(anonymous_0)",
        "decl": { "start": { "line": 2, "column": 2 }, "end": { "line": 2, "column": 3 } },
        "loc": { "start": { "line": 2, "column": 80 }, "end": { "line": 10, "column": 3 } },
        "line": 2
      },
      "1": {
        "name": "(anonymous_1)",
        "decl": { "start": { "line": 12, "column": 2 }, "end": { "line": 12, "column": 3 } },
        "loc": { "start": { "line": 12, "column": 19 }, "end": { "line": 15, "column": 3 } },
        "line": 12
      },
      "2": {
        "name": "(anonymous_2)",
        "decl": { "start": { "line": 17, "column": 2 }, "end": { "line": 17, "column": 3 } },
        "loc": { "start": { "line": 17, "column": 19 }, "end": { "line": 23, "column": 3 } },
        "line": 17
      },
      "3": {
        "name": "(anonymous_3)",
        "decl": { "start": { "line": 25, "column": 2 }, "end": { "line": 25, "column": 3 } },
        "loc": { "start": { "line": 25, "column": 23 }, "end": { "line": 30, "column": 3 } },
        "line": 25
      },
      "4": {
        "name": "(anonymous_4)",
        "decl": { "start": { "line": 26, "column": 22 }, "end": { "line": 26, "column": 23 } },
        "loc": { "start": { "line": 26, "column": 31 }, "end": { "line": 28, "column": 5 } },
        "line": 26
      },
      "5": {
        "name": "(anonymous_5)",
        "decl": { "start": { "line": 34, "column": 2 }, "end": { "line": 34, "column": 3 } },
        "loc": { "start": { "line": 34, "column": 22 }, "end": { "line": 36, "column": 3 } },
        "line": 34
      },
      "6": {
        "name": "(anonymous_6)",
        "decl": { "start": { "line": 38, "column": 2 }, "end": { "line": 38, "column": 3 } },
        "loc": { "start": { "line": 38, "column": 19 }, "end": { "line": 40, "column": 3 } },
        "line": 38
      },
      "7": {
        "name": "(anonymous_7)",
        "decl": { "start": { "line": 42, "column": 2 }, "end": { "line": 42, "column": 3 } },
        "loc": { "start": { "line": 42, "column": 19 }, "end": { "line": 44, "column": 3 } },
        "line": 42
      },
      "8": {
        "name": "(anonymous_8)",
        "decl": { "start": { "line": 46, "column": 2 }, "end": { "line": 46, "column": 3 } },
        "loc": { "start": { "line": 46, "column": 23 }, "end": { "line": 48, "column": 3 } },
        "line": 46
      },
      "9": {
        "name": "(anonymous_9)",
        "decl": { "start": { "line": 52, "column": 2 }, "end": { "line": 52, "column": 3 } },
        "loc": { "start": { "line": 52, "column": 38 }, "end": { "line": 55, "column": 3 } },
        "line": 52
      },
      "10": {
        "name": "(anonymous_10)",
        "decl": { "start": { "line": 57, "column": 2 }, "end": { "line": 57, "column": 3 } },
        "loc": { "start": { "line": 57, "column": 19 }, "end": { "line": 66, "column": 3 } },
        "line": 57
      },
      "11": {
        "name": "(anonymous_11)",
        "decl": { "start": { "line": 68, "column": 2 }, "end": { "line": 68, "column": 3 } },
        "loc": { "start": { "line": 68, "column": 19 }, "end": { "line": 84, "column": 3 } },
        "line": 68
      },
      "12": {
        "name": "(anonymous_12)",
        "decl": { "start": { "line": 86, "column": 2 }, "end": { "line": 86, "column": 3 } },
        "loc": { "start": { "line": 86, "column": 23 }, "end": { "line": 113, "column": 3 } },
        "line": 86
      },
      "13": {
        "name": "(anonymous_13)",
        "decl": { "start": { "line": 97, "column": 19 }, "end": { "line": 97, "column": 20 } },
        "loc": { "start": { "line": 97, "column": 26 }, "end": { "line": 110, "column": 7 } },
        "line": 97
      },
      "14": {
        "name": "(anonymous_14)",
        "decl": { "start": { "line": 98, "column": 26 }, "end": { "line": 98, "column": 27 } },
        "loc": { "start": { "line": 98, "column": 35 }, "end": { "line": 108, "column": 9 } },
        "line": 98
      },
      "15": {
        "name": "(anonymous_15)",
        "decl": { "start": { "line": 116, "column": 26 }, "end": { "line": 116, "column": 27 } },
        "loc": { "start": { "line": 116, "column": 50 }, "end": { "line": 132, "column": 1 } },
        "line": 116
      },
      "16": {
        "name": "(anonymous_16)",
        "decl": { "start": { "line": 116, "column": 50 }, "end": { "line": 116, "column": 51 } },
        "loc": { "start": { "line": 116, "column": 59 }, "end": { "line": 132, "column": 1 } },
        "line": 116
      },
      "17": {
        "name": "(anonymous_17)",
        "decl": { "start": { "line": 116, "column": 59 }, "end": { "line": 116, "column": 60 } },
        "loc": { "start": { "line": 116, "column": 69 }, "end": { "line": 132, "column": 1 } },
        "line": 116
      },
      "18": {
        "name": "(anonymous_18)",
        "decl": { "start": { "line": 139, "column": 21 }, "end": { "line": 139, "column": 22 } },
        "loc": { "start": { "line": 139, "column": 80 }, "end": { "line": 152, "column": 1 } },
        "line": 139
      },
      "19": {
        "name": "(anonymous_19)",
        "decl": { "start": { "line": 139, "column": 80 }, "end": { "line": 139, "column": 81 } },
        "loc": { "start": { "line": 143, "column": 5 }, "end": { "line": 152, "column": 1 } },
        "line": 143
      },
      "20": {
        "name": "(anonymous_20)",
        "decl": { "start": { "line": 158, "column": 28 }, "end": { "line": 158, "column": 29 } },
        "loc": { "start": { "line": 158, "column": 45 }, "end": { "line": 162, "column": 1 } },
        "line": 158
      },
      "21": {
        "name": "(anonymous_21)",
        "decl": { "start": { "line": 158, "column": 45 }, "end": { "line": 158, "column": 46 } },
        "loc": { "start": { "line": 158, "column": 57 }, "end": { "line": 162, "column": 1 } },
        "line": 158
      },
      "22": {
        "name": "(anonymous_22)",
        "decl": { "start": { "line": 158, "column": 57 }, "end": { "line": 158, "column": 58 } },
        "loc": { "start": { "line": 158, "column": 72 }, "end": { "line": 162, "column": 1 } },
        "line": 158
      },
      "23": {
        "name": "(anonymous_23)",
        "decl": { "start": { "line": 169, "column": 21 }, "end": { "line": 169, "column": 22 } },
        "loc": { "start": { "line": 169, "column": 50 }, "end": { "line": 175, "column": 1 } },
        "line": 169
      },
      "24": {
        "name": "(anonymous_24)",
        "decl": { "start": { "line": 169, "column": 50 }, "end": { "line": 169, "column": 51 } },
        "loc": { "start": { "line": 169, "column": 74 }, "end": { "line": 175, "column": 1 } },
        "line": 169
      }
    },
    "branchMap": {
      "0": {
        "loc": { "start": { "line": 2, "column": 59 }, "end": { "line": 2, "column": 78 } },
        "type": "default-arg",
        "locations": [{ "start": { "line": 2, "column": 76 }, "end": { "line": 2, "column": 78 } }],
        "line": 2
      },
      "1": {
        "loc": { "start": { "line": 20, "column": 4 }, "end": { "line": 22, "column": 5 } },
        "type": "if",
        "locations": [
          { "start": { "line": 20, "column": 4 }, "end": { "line": 22, "column": 5 } },
          { "start": { "line": 20, "column": 4 }, "end": { "line": 22, "column": 5 } }
        ],
        "line": 20
      },
      "2": {
        "loc": { "start": { "line": 59, "column": 4 }, "end": { "line": 65, "column": 5 } },
        "type": "if",
        "locations": [
          { "start": { "line": 59, "column": 4 }, "end": { "line": 65, "column": 5 } },
          { "start": { "line": 59, "column": 4 }, "end": { "line": 65, "column": 5 } }
        ],
        "line": 59
      },
      "3": {
        "loc": { "start": { "line": 60, "column": 6 }, "end": { "line": 62, "column": 7 } },
        "type": "if",
        "locations": [
          { "start": { "line": 60, "column": 6 }, "end": { "line": 62, "column": 7 } },
          { "start": { "line": 60, "column": 6 }, "end": { "line": 62, "column": 7 } }
        ],
        "line": 60
      },
      "4": {
        "loc": { "start": { "line": 70, "column": 4 }, "end": { "line": 83, "column": 5 } },
        "type": "if",
        "locations": [
          { "start": { "line": 70, "column": 4 }, "end": { "line": 83, "column": 5 } },
          { "start": { "line": 70, "column": 4 }, "end": { "line": 83, "column": 5 } }
        ],
        "line": 70
      },
      "5": {
        "loc": { "start": { "line": 73, "column": 6 }, "end": { "line": 75, "column": 7 } },
        "type": "if",
        "locations": [
          { "start": { "line": 73, "column": 6 }, "end": { "line": 75, "column": 7 } },
          { "start": { "line": 73, "column": 6 }, "end": { "line": 75, "column": 7 } }
        ],
        "line": 73
      },
      "6": {
        "loc": { "start": { "line": 87, "column": 4 }, "end": { "line": 112, "column": 5 } },
        "type": "if",
        "locations": [
          { "start": { "line": 87, "column": 4 }, "end": { "line": 112, "column": 5 } },
          { "start": { "line": 87, "column": 4 }, "end": { "line": 112, "column": 5 } }
        ],
        "line": 87
      },
      "7": {
        "loc": { "start": { "line": 93, "column": 6 }, "end": { "line": 95, "column": 7 } },
        "type": "if",
        "locations": [
          { "start": { "line": 93, "column": 6 }, "end": { "line": 95, "column": 7 } },
          { "start": { "line": 93, "column": 6 }, "end": { "line": 95, "column": 7 } }
        ],
        "line": 93
      },
      "8": {
        "loc": { "start": { "line": 117, "column": 2 }, "end": { "line": 120, "column": 3 } },
        "type": "if",
        "locations": [
          { "start": { "line": 117, "column": 2 }, "end": { "line": 120, "column": 3 } },
          { "start": { "line": 117, "column": 2 }, "end": { "line": 120, "column": 3 } }
        ],
        "line": 117
      },
      "9": {
        "loc": { "start": { "line": 122, "column": 2 }, "end": { "line": 124, "column": 3 } },
        "type": "if",
        "locations": [
          { "start": { "line": 122, "column": 2 }, "end": { "line": 124, "column": 3 } },
          { "start": { "line": 122, "column": 2 }, "end": { "line": 124, "column": 3 } }
        ],
        "line": 122
      },
      "10": {
        "loc": { "start": { "line": 126, "column": 2 }, "end": { "line": 129, "column": 3 } },
        "type": "if",
        "locations": [
          { "start": { "line": 126, "column": 2 }, "end": { "line": 129, "column": 3 } },
          { "start": { "line": 126, "column": 2 }, "end": { "line": 129, "column": 3 } }
        ],
        "line": 126
      },
      "11": {
        "loc": { "start": { "line": 147, "column": 2 }, "end": { "line": 149, "column": 3 } },
        "type": "if",
        "locations": [
          { "start": { "line": 147, "column": 2 }, "end": { "line": 149, "column": 3 } },
          { "start": { "line": 147, "column": 2 }, "end": { "line": 149, "column": 3 } }
        ],
        "line": 147
      },
      "12": {
        "loc": { "start": { "line": 170, "column": 2 }, "end": { "line": 172, "column": 3 } },
        "type": "if",
        "locations": [
          { "start": { "line": 170, "column": 2 }, "end": { "line": 172, "column": 3 } },
          { "start": { "line": 170, "column": 2 }, "end": { "line": 172, "column": 3 } }
        ],
        "line": 170
      }
    },
    "s": {
      "0": 1,
      "1": 1,
      "2": 1,
      "3": 1,
      "4": 1,
      "5": 1,
      "6": 1,
      "7": 1,
      "8": 1,
      "9": 1,
      "10": 1,
      "11": 1,
      "12": 1,
      "13": 1,
      "14": 2,
      "15": 1,
      "16": 1,
      "17": 1,
      "18": 1,
      "19": 1,
      "20": 1,
      "21": 1,
      "22": 2,
      "23": 2,
      "24": 2,
      "25": 1,
      "26": 2,
      "27": 2,
      "28": 2,
      "29": 2,
      "30": 2,
      "31": 1,
      "32": 2,
      "33": 1,
      "34": 1,
      "35": 1,
      "36": 1,
      "37": 1,
      "38": 1,
      "39": 1,
      "40": 1,
      "41": 1,
      "42": 2,
      "43": 1,
      "44": 1,
      "45": 2,
      "46": 5,
      "47": 4,
      "48": 4,
      "49": 1,
      "50": 1,
      "51": 3,
      "52": 1,
      "53": 2,
      "54": 1,
      "55": 1,
      "56": 1,
      "57": 2,
      "58": 2,
      "59": 1,
      "60": 1,
      "61": 1,
      "62": 0,
      "63": 1,
      "64": 2,
      "65": 2,
      "66": 1,
      "67": 1,
      "68": 1,
      "69": 1,
      "70": 2,
      "71": 3,
      "72": 2,
      "73": 1,
      "74": 1,
      "75": 1,
      "76": 2
    },
    "f": {
      "0": 1,
      "1": 1,
      "2": 1,
      "3": 1,
      "4": 2,
      "5": 1,
      "6": 1,
      "7": 1,
      "8": 1,
      "9": 1,
      "10": 2,
      "11": 2,
      "12": 1,
      "13": 1,
      "14": 2,
      "15": 5,
      "16": 4,
      "17": 4,
      "18": 2,
      "19": 1,
      "20": 2,
      "21": 1,
      "22": 1,
      "23": 3,
      "24": 2
    },
    "b": {
      "0": [1],
      "1": [1, 0],
      "2": [2, 0],
      "3": [1, 1],
      "4": [2, 0],
      "5": [1, 1],
      "6": [1, 0],
      "7": [1, 0],
      "8": [1, 3],
      "9": [1, 2],
      "10": [1, 1],
      "11": [0, 1],
      "12": [1, 1]
    },
    "_coverageSchema": "1a1c01bbd47fc00a2c39e90264f33305004495a9",
    "hash": "7435394bc4fd3de329fcd005602b2291fa5eb352"
  },
  "/Users/manisuec/work/personal/mongoose-fuzzy-searching/helpers/db/schema.js": {
    "path": "/Users/manisuec/work/personal/mongoose-fuzzy-searching/helpers/db/schema.js",
    "statementMap": {
      "0": { "start": { "line": 1, "column": 27 }, "end": { "line": 4, "column": 2 } },
      "1": { "start": { "line": 1, "column": 52 }, "end": { "line": 4, "column": 1 } },
      "2": { "start": { "line": 6, "column": 20 }, "end": { "line": 11, "column": 2 } },
      "3": { "start": { "line": 6, "column": 31 }, "end": { "line": 11, "column": 1 } },
      "4": { "start": { "line": 13, "column": 25 }, "end": { "line": 18, "column": 2 } },
      "5": { "start": { "line": 13, "column": 40 }, "end": { "line": 18, "column": 2 } },
      "6": { "start": { "line": 13, "column": 51 }, "end": { "line": 18, "column": 1 } },
      "7": { "start": { "line": 20, "column": 24 }, "end": { "line": 53, "column": 1 } },
      "8": { "start": { "line": 20, "column": 40 }, "end": { "line": 53, "column": 1 } },
      "9": { "start": { "line": 20, "column": 58 }, "end": { "line": 53, "column": 1 } },
      "10": { "start": { "line": 24, "column": 2 }, "end": { "line": 26, "column": 3 } },
      "11": { "start": { "line": 25, "column": 4 }, "end": { "line": 25, "column": 58 } },
      "12": { "start": { "line": 28, "column": 2 }, "end": { "line": 30, "column": 3 } },
      "13": { "start": { "line": 29, "column": 4 }, "end": { "line": 29, "column": 54 } },
      "14": { "start": { "line": 32, "column": 19 }, "end": { "line": 40, "column": 3 } },
      "15": { "start": { "line": 35, "column": 6 }, "end": { "line": 37, "column": 7 } },
      "16": { "start": { "line": 36, "column": 8 }, "end": { "line": 36, "column": 35 } },
      "17": { "start": { "line": 38, "column": 6 }, "end": { "line": 38, "column": 35 } },
      "18": { "start": { "line": 42, "column": 17 }, "end": { "line": 50, "column": 3 } },
      "19": { "start": { "line": 45, "column": 6 }, "end": { "line": 47, "column": 7 } },
      "20": { "start": { "line": 46, "column": 8 }, "end": { "line": 46, "column": 33 } },
      "21": { "start": { "line": 48, "column": 6 }, "end": { "line": 48, "column": 35 } },
      "22": { "start": { "line": 52, "column": 2 }, "end": { "line": 52, "column": 30 } },
      "23": { "start": { "line": 55, "column": 0 }, "end": { "line": 60, "column": 2 } }
    },
    "fnMap": {
      "0": {
        "name": "(anonymous_0)",
        "decl": { "start": { "line": 1, "column": 27 }, "end": { "line": 1, "column": 28 } },
        "loc": { "start": { "line": 1, "column": 52 }, "end": { "line": 4, "column": 1 } },
        "line": 1
      },
      "1": {
        "name": "(anonymous_1)",
        "decl": { "start": { "line": 6, "column": 20 }, "end": { "line": 6, "column": 21 } },
        "loc": { "start": { "line": 6, "column": 31 }, "end": { "line": 11, "column": 1 } },
        "line": 6
      },
      "2": {
        "name": "(anonymous_2)",
        "decl": { "start": { "line": 13, "column": 25 }, "end": { "line": 13, "column": 26 } },
        "loc": { "start": { "line": 13, "column": 40 }, "end": { "line": 18, "column": 2 } },
        "line": 13
      },
      "3": {
        "name": "(anonymous_3)",
        "decl": { "start": { "line": 13, "column": 40 }, "end": { "line": 13, "column": 41 } },
        "loc": { "start": { "line": 13, "column": 51 }, "end": { "line": 18, "column": 1 } },
        "line": 13
      },
      "4": {
        "name": "(anonymous_4)",
        "decl": { "start": { "line": 20, "column": 24 }, "end": { "line": 20, "column": 25 } },
        "loc": { "start": { "line": 20, "column": 40 }, "end": { "line": 53, "column": 1 } },
        "line": 20
      },
      "5": {
        "name": "(anonymous_5)",
        "decl": { "start": { "line": 20, "column": 40 }, "end": { "line": 20, "column": 41 } },
        "loc": { "start": { "line": 20, "column": 58 }, "end": { "line": 53, "column": 1 } },
        "line": 20
      },
      "6": {
        "name": "(anonymous_6)",
        "decl": { "start": { "line": 20, "column": 58 }, "end": { "line": 20, "column": 59 } },
        "loc": { "start": { "line": 20, "column": 70 }, "end": { "line": 53, "column": 1 } },
        "line": 20
      },
      "7": {
        "name": "(anonymous_7)",
        "decl": { "start": { "line": 34, "column": 15 }, "end": { "line": 34, "column": 16 } },
        "loc": { "start": { "line": 34, "column": 28 }, "end": { "line": 39, "column": 5 } },
        "line": 34
      },
      "8": {
        "name": "(anonymous_8)",
        "decl": { "start": { "line": 44, "column": 15 }, "end": { "line": 44, "column": 16 } },
        "loc": { "start": { "line": 44, "column": 28 }, "end": { "line": 49, "column": 5 } },
        "line": 44
      }
    },
    "branchMap": {
      "0": {
        "loc": { "start": { "line": 24, "column": 2 }, "end": { "line": 26, "column": 3 } },
        "type": "if",
        "locations": [
          { "start": { "line": 24, "column": 2 }, "end": { "line": 26, "column": 3 } },
          { "start": { "line": 24, "column": 2 }, "end": { "line": 26, "column": 3 } }
        ],
        "line": 24
      },
      "1": {
        "loc": { "start": { "line": 24, "column": 6 }, "end": { "line": 24, "column": 66 } },
        "type": "binary-expr",
        "locations": [
          { "start": { "line": 24, "column": 6 }, "end": { "line": 24, "column": 29 } },
          { "start": { "line": 24, "column": 33 }, "end": { "line": 24, "column": 66 } }
        ],
        "line": 24
      },
      "2": {
        "loc": { "start": { "line": 28, "column": 2 }, "end": { "line": 30, "column": 3 } },
        "type": "if",
        "locations": [
          { "start": { "line": 28, "column": 2 }, "end": { "line": 30, "column": 3 } },
          { "start": { "line": 28, "column": 2 }, "end": { "line": 30, "column": 3 } }
        ],
        "line": 28
      },
      "3": {
        "loc": { "start": { "line": 28, "column": 6 }, "end": { "line": 28, "column": 62 } },
        "type": "binary-expr",
        "locations": [
          { "start": { "line": 28, "column": 6 }, "end": { "line": 28, "column": 27 } },
          { "start": { "line": 28, "column": 31 }, "end": { "line": 28, "column": 62 } }
        ],
        "line": 28
      },
      "4": {
        "loc": { "start": { "line": 33, "column": 8 }, "end": { "line": 33, "column": 37 } },
        "type": "binary-expr",
        "locations": [
          { "start": { "line": 33, "column": 8 }, "end": { "line": 33, "column": 31 } },
          { "start": { "line": 33, "column": 35 }, "end": { "line": 33, "column": 37 } }
        ],
        "line": 33
      },
      "5": {
        "loc": { "start": { "line": 35, "column": 6 }, "end": { "line": 37, "column": 7 } },
        "type": "if",
        "locations": [
          { "start": { "line": 35, "column": 6 }, "end": { "line": 37, "column": 7 } },
          { "start": { "line": 35, "column": 6 }, "end": { "line": 37, "column": 7 } }
        ],
        "line": 35
      },
      "6": {
        "loc": { "start": { "line": 43, "column": 8 }, "end": { "line": 43, "column": 35 } },
        "type": "binary-expr",
        "locations": [
          { "start": { "line": 43, "column": 8 }, "end": { "line": 43, "column": 29 } },
          { "start": { "line": 43, "column": 33 }, "end": { "line": 43, "column": 35 } }
        ],
        "line": 43
      },
      "7": {
        "loc": { "start": { "line": 45, "column": 6 }, "end": { "line": 47, "column": 7 } },
        "type": "if",
        "locations": [
          { "start": { "line": 45, "column": 6 }, "end": { "line": 47, "column": 7 } },
          { "start": { "line": 45, "column": 6 }, "end": { "line": 47, "column": 7 } }
        ],
        "line": 45
      }
    },
    "s": {
      "0": 2,
      "1": 3,
      "2": 2,
      "3": 1,
      "4": 2,
      "5": 1,
      "6": 1,
      "7": 2,
      "8": 2,
      "9": 1,
      "10": 1,
      "11": 1,
      "12": 1,
      "13": 1,
      "14": 1,
      "15": 1,
      "16": 1,
      "17": 1,
      "18": 1,
      "19": 1,
      "20": 1,
      "21": 1,
      "22": 1,
      "23": 2
    },
    "f": { "0": 3, "1": 1, "2": 1, "3": 1, "4": 2, "5": 1, "6": 1, "7": 1, "8": 1 },
    "b": {
      "0": [1, 0],
      "1": [1, 1],
      "2": [1, 0],
      "3": [1, 1],
      "4": [1, 0],
      "5": [1, 0],
      "6": [1, 0],
      "7": [1, 0]
    },
    "_coverageSchema": "1a1c01bbd47fc00a2c39e90264f33305004495a9",
    "hash": "9095a2f40eb67d572407913dd449afdfccc16ed8"
  }
}
