TN:
SF:index.js
FN:13,(anonymous_0)
FN:30,(anonymous_1)
FN:36,(anonymous_2)
FN:45,(anonymous_3)
FN:54,(anonymous_4)
FN:58,(anonymous_5)
FN:68,(anonymous_6)
FN:79,fuzzySearch
FN:128,(anonymous_8)
FN:158,thenable
FN:166,saveMiddleware
FN:168,(anonymous_11)
FN:174,updateMiddleware
FN:176,(anonymous_13)
FN:182,insertMany
FN:183,(anonymous_15)
FN:184,(anonymous_16)
FN:191,preUpdate
FN:193,(anonymous_18)
FN:198,(anonymous_19)
FN:203,(anonymous_20)
FN:216,(anonymous_21)
FN:220,(anonymous_22)
FNF:23
FNH:4
FNDA:0,(anonymous_0)
FNDA:4,(anonymous_1)
FNDA:3,(anonymous_2)
FNDA:4,(anonymous_3)
FNDA:0,(anonymous_4)
FNDA:0,(anonymous_5)
FNDA:0,(anonymous_6)
FNDA:0,fuzzySearch
FNDA:7,(anonymous_8)
FNDA:0,thenable
FNDA:0,saveMiddleware
FNDA:0,(anonymous_11)
FNDA:0,updateMiddleware
FNDA:0,(anonymous_13)
FNDA:0,insertMany
FNDA:0,(anonymous_15)
FNDA:0,(anonymous_16)
FNDA:0,preUpdate
FNDA:0,(anonymous_18)
FNDA:0,(anonymous_19)
FNDA:0,(anonymous_20)
FNDA:0,(anonymous_21)
FNDA:0,(anonymous_22)
DA:11,1
DA:13,1
DA:14,0
DA:15,0
DA:17,0
DA:18,0
DA:19,0
DA:20,0
DA:23,0
DA:24,0
DA:27,0
DA:30,1
DA:31,4
DA:32,1
DA:36,1
DA:37,3
DA:38,0
DA:41,3
DA:42,1
DA:45,4
DA:46,1
DA:49,1
DA:50,1
DA:54,1
DA:55,0
DA:58,1
DA:59,0
DA:60,0
DA:62,0
DA:68,1
DA:69,0
DA:70,0
DA:72,0
DA:73,0
DA:76,0
DA:80,0
DA:81,0
DA:82,0
DA:87,0
DA:88,0
DA:89,0
DA:92,0
DA:94,0
DA:98,0
DA:102,0
DA:103,0
DA:109,0
DA:114,0
DA:128,1
DA:129,7
DA:130,2
DA:133,5
DA:135,5
DA:136,1
DA:139,4
DA:140,0
DA:143,4
DA:144,3
DA:146,0
DA:147,0
DA:149,0
DA:150,0
DA:152,0
DA:159,0
DA:160,0
DA:163,0
DA:167,0
DA:168,0
DA:169,0
DA:170,0
DA:175,0
DA:176,0
DA:177,0
DA:178,0
DA:183,0
DA:184,0
DA:185,0
DA:187,0
DA:192,0
DA:193,0
DA:194,0
DA:198,0
DA:199,0
DA:200,0
DA:203,0
DA:204,0
DA:205,0
DA:208,0
DA:210,0
DA:212,0
DA:214,0
DA:216,0
DA:217,0
DA:220,0
DA:221,0
LF:95
LH:25
BRDA:17,0,0,0
BRDA:17,0,1,0
BRDA:17,1,0,0
BRDA:17,1,1,0
BRDA:19,2,0,0
BRDA:19,2,1,0
BRDA:19,3,0,0
BRDA:19,3,1,0
BRDA:23,4,0,0
BRDA:23,4,1,0
BRDA:23,5,0,0
BRDA:23,5,1,0
BRDA:31,6,0,1
BRDA:31,6,1,3
BRDA:31,7,0,4
BRDA:31,7,1,1
BRDA:31,7,2,1
BRDA:31,7,3,1
BRDA:37,8,0,0
BRDA:37,8,1,3
BRDA:41,9,0,1
BRDA:41,9,1,2
BRDA:45,10,0,1
BRDA:45,10,1,1
BRDA:49,11,0,1
BRDA:49,11,1,0
BRDA:55,12,0,0
BRDA:55,12,1,0
BRDA:55,13,0,0
BRDA:55,13,1,0
BRDA:59,14,0,0
BRDA:59,14,1,0
BRDA:60,15,0,0
BRDA:60,15,1,0
BRDA:72,16,0,0
BRDA:72,16,1,0
BRDA:81,17,0,0
BRDA:81,17,1,0
BRDA:81,18,0,0
BRDA:81,18,1,0
BRDA:81,18,2,0
BRDA:88,19,0,0
BRDA:88,19,1,0
BRDA:94,20,0,0
BRDA:94,20,1,0
BRDA:102,21,0,0
BRDA:102,21,1,0
BRDA:129,22,0,2
BRDA:129,22,1,5
BRDA:129,23,0,7
BRDA:129,23,1,6
BRDA:129,23,2,6
BRDA:135,24,0,1
BRDA:135,24,1,4
BRDA:139,25,0,0
BRDA:139,25,1,4
BRDA:139,26,0,4
BRDA:139,26,1,0
BRDA:159,27,0,0
BRDA:159,27,1,0
BRF:60
BRH:21
end_of_record
TN:
SF:helpers/config.js
FNF:0
FNH:0
DA:8,1
LF:1
LH:1
BRF:0
BRH:0
end_of_record
TN:
SF:helpers/index.js
FNF:0
FNH:0
DA:5,1
DA:7,1
DA:8,1
DA:9,1
DA:10,1
DA:16,1
DA:17,1
DA:19,1
DA:20,1
DA:22,1
LF:10
LH:10
BRF:0
BRH:0
end_of_record
TN:
SF:helpers/languageCharacters.js
FN:82,(anonymous_0)
FN:105,(anonymous_1)
FNF:2
FNH:2
FNDA:23,(anonymous_0)
FNDA:7,(anonymous_1)
DA:1,2
DA:82,2
DA:83,23
DA:84,23
DA:86,23
DA:87,3
DA:90,20
DA:95,6
DA:96,6
DA:97,6
DA:99,14
DA:102,20
DA:105,2
DA:106,7
DA:107,2
DA:110,5
DA:111,5
DA:113,5
DA:114,5
DA:115,42
DA:116,42
DA:117,42
DA:119,42
DA:120,19
DA:122,23
DA:123,23
DA:124,23
DA:127,42
DA:130,5
LF:29
LH:29
BRDA:86,0,0,3
BRDA:86,0,1,20
BRDA:90,1,0,3
BRDA:90,1,1,4
BRDA:90,1,2,4
BRDA:90,1,3,6
BRDA:90,1,4,14
BRDA:102,2,0,20
BRDA:102,2,1,19
BRDA:106,3,0,2
BRDA:106,3,1,5
BRDA:119,4,0,19
BRDA:119,4,1,23
BRDA:127,5,0,1
BRDA:127,5,1,41
BRF:15
BRH:15
end_of_record
TN:
SF:helpers/ngrams.js
FN:1,(anonymous_0)
FN:16,(anonymous_1)
FN:16,(anonymous_2)
FN:68,(anonymous_3)
FN:68,(anonymous_4)
FN:82,(anonymous_5)
FN:89,(anonymous_6)
FNF:7
FNH:7
FNDA:3,(anonymous_0)
FNDA:14,(anonymous_1)
FNDA:14,(anonymous_2)
FNDA:5,(anonymous_3)
FNDA:4,(anonymous_4)
FNDA:6,(anonymous_5)
FNDA:6,(anonymous_6)
DA:1,2
DA:2,3
DA:3,3
DA:6,0
DA:16,14
DA:17,14
DA:18,4
DA:21,14
DA:24,14
DA:25,2
DA:28,12
DA:29,1
DA:32,11
DA:33,11
DA:35,11
DA:36,4
DA:39,7
DA:40,1
DA:41,3
DA:42,3
DA:45,1
DA:48,6
DA:49,36
DA:50,18
DA:52,18
DA:53,18
DA:57,6
DA:68,5
DA:74,4
DA:75,1
DA:78,3
DA:80,3
DA:83,6
DA:89,6
DA:90,3
DA:93,2
LF:36
LH:35
BRDA:2,0,0,3
BRDA:2,0,1,0
BRDA:17,1,0,4
BRDA:17,1,1,10
BRDA:24,2,0,2
BRDA:24,2,1,12
BRDA:28,3,0,1
BRDA:28,3,1,11
BRDA:32,4,0,10
BRDA:32,4,1,1
BRDA:33,5,0,1
BRDA:33,5,1,10
BRDA:35,6,0,4
BRDA:35,6,1,7
BRDA:39,7,0,1
BRDA:39,7,1,6
BRDA:49,8,0,18
BRDA:49,8,1,18
BRDA:74,9,0,1
BRDA:74,9,1,3
BRDA:85,10,0,6
BRDA:85,10,1,2
BRDA:86,11,0,6
BRDA:86,11,1,6
BRF:24
BRH:23
end_of_record
TN:
SF:helpers/utils.js
FN:7,(anonymous_0)
FN:7,(anonymous_1)
FN:23,(anonymous_2)
FN:30,(anonymous_3)
FN:32,(anonymous_4)
FNF:5
FNH:5
FNDA:4,(anonymous_0)
FNDA:3,(anonymous_1)
FNDA:16,(anonymous_2)
FNDA:7,(anonymous_3)
FNDA:6,(anonymous_4)
DA:7,4
DA:8,3
DA:9,3
DA:10,1
DA:12,3
DA:13,3
DA:15,3
DA:23,16
DA:30,7
DA:32,6
DA:34,2
LF:11
LH:11
BRDA:9,0,0,1
BRDA:9,0,1,2
BRDA:23,1,0,16
BRDA:23,1,1,11
BRDA:23,1,2,5
BRDA:30,2,0,7
BRDA:30,2,1,5
BRDA:30,2,2,3
BRDA:32,3,0,6
BRDA:32,3,1,5
BRF:10
BRH:10
end_of_record
TN:
SF:helpers/db/fields.js
FN:2,(anonymous_0)
FN:12,(anonymous_1)
FN:17,(anonymous_2)
FN:25,(anonymous_3)
FN:26,(anonymous_4)
FN:34,(anonymous_5)
FN:38,(anonymous_6)
FN:42,(anonymous_7)
FN:46,(anonymous_8)
FN:52,(anonymous_9)
FN:57,(anonymous_10)
FN:68,(anonymous_11)
FN:86,(anonymous_12)
FN:97,(anonymous_13)
FN:98,(anonymous_14)
FN:116,(anonymous_15)
FN:116,(anonymous_16)
FN:116,(anonymous_17)
FN:139,(anonymous_18)
FN:139,(anonymous_19)
FN:158,(anonymous_20)
FN:158,(anonymous_21)
FN:158,(anonymous_22)
FN:169,(anonymous_23)
FN:169,(anonymous_24)
FNF:25
FNH:25
FNDA:1,(anonymous_0)
FNDA:1,(anonymous_1)
FNDA:1,(anonymous_2)
FNDA:1,(anonymous_3)
FNDA:2,(anonymous_4)
FNDA:1,(anonymous_5)
FNDA:1,(anonymous_6)
FNDA:1,(anonymous_7)
FNDA:1,(anonymous_8)
FNDA:1,(anonymous_9)
FNDA:2,(anonymous_10)
FNDA:2,(anonymous_11)
FNDA:1,(anonymous_12)
FNDA:1,(anonymous_13)
FNDA:2,(anonymous_14)
FNDA:5,(anonymous_15)
FNDA:4,(anonymous_16)
FNDA:4,(anonymous_17)
FNDA:2,(anonymous_18)
FNDA:1,(anonymous_19)
FNDA:2,(anonymous_20)
FNDA:1,(anonymous_21)
FNDA:1,(anonymous_22)
FNDA:3,(anonymous_23)
FNDA:2,(anonymous_24)
DA:3,1
DA:4,1
DA:5,1
DA:6,1
DA:7,1
DA:8,1
DA:9,1
DA:13,1
DA:14,1
DA:18,1
DA:19,1
DA:20,1
DA:21,1
DA:26,1
DA:27,2
DA:29,1
DA:35,1
DA:39,1
DA:43,1
DA:47,1
DA:53,1
DA:54,1
DA:58,2
DA:59,2
DA:60,2
DA:61,1
DA:64,2
DA:69,2
DA:70,2
DA:71,2
DA:73,2
DA:74,1
DA:77,2
DA:87,1
DA:88,1
DA:89,1
DA:90,1
DA:92,1
DA:93,1
DA:94,1
DA:97,1
DA:98,1
DA:99,2
DA:109,1
DA:111,1
DA:116,5
DA:117,4
DA:118,1
DA:119,1
DA:122,3
DA:123,1
DA:126,2
DA:127,1
DA:128,1
DA:131,1
DA:139,2
DA:144,1
DA:145,1
DA:147,1
DA:148,0
DA:151,1
DA:158,2
DA:159,1
DA:160,1
DA:161,1
DA:169,3
DA:170,2
DA:171,1
DA:173,1
DA:174,1
DA:177,2
LF:71
LH:70
BRDA:2,0,0,1
BRDA:20,1,0,1
BRDA:20,1,1,0
BRDA:59,2,0,2
BRDA:59,2,1,0
BRDA:60,3,0,1
BRDA:60,3,1,1
BRDA:70,4,0,2
BRDA:70,4,1,0
BRDA:73,5,0,1
BRDA:73,5,1,1
BRDA:87,6,0,1
BRDA:87,6,1,0
BRDA:93,7,0,1
BRDA:93,7,1,0
BRDA:117,8,0,1
BRDA:117,8,1,3
BRDA:122,9,0,1
BRDA:122,9,1,2
BRDA:126,10,0,1
BRDA:126,10,1,1
BRDA:147,11,0,0
BRDA:147,11,1,1
BRDA:170,12,0,1
BRDA:170,12,1,1
BRF:25
BRH:19
end_of_record
TN:
SF:helpers/db/schema.js
FN:1,(anonymous_0)
FN:6,(anonymous_1)
FN:13,(anonymous_2)
FN:13,(anonymous_3)
FN:20,(anonymous_4)
FN:20,(anonymous_5)
FN:20,(anonymous_6)
FN:34,(anonymous_7)
FN:44,(anonymous_8)
FNF:9
FNH:9
FNDA:3,(anonymous_0)
FNDA:1,(anonymous_1)
FNDA:1,(anonymous_2)
FNDA:1,(anonymous_3)
FNDA:2,(anonymous_4)
FNDA:1,(anonymous_5)
FNDA:1,(anonymous_6)
FNDA:1,(anonymous_7)
FNDA:1,(anonymous_8)
DA:1,3
DA:6,2
DA:13,2
DA:20,2
DA:24,1
DA:25,1
DA:28,1
DA:29,1
DA:32,1
DA:35,1
DA:36,1
DA:38,1
DA:42,1
DA:45,1
DA:46,1
DA:48,1
DA:52,1
DA:55,2
LF:18
LH:18
BRDA:24,0,0,1
BRDA:24,0,1,0
BRDA:24,1,0,1
BRDA:24,1,1,1
BRDA:28,2,0,1
BRDA:28,2,1,0
BRDA:28,3,0,1
BRDA:28,3,1,1
BRDA:33,4,0,1
BRDA:33,4,1,0
BRDA:35,5,0,1
BRDA:35,5,1,0
BRDA:43,6,0,1
BRDA:43,6,1,0
BRDA:45,7,0,1
BRDA:45,7,1,0
BRF:16
BRH:10
end_of_record
